<?xml version="1.0" encoding="UTF-8"?>
<robot generator="Robot 7.3.2 (Python 3.13.9 on linux)" generated="2025-12-15T07:42:27.913315" rpa="false" schemaversion="5">
<suite id="s1" name="Tests" source="/opt/robot/tests">
<suite id="s1-s1" name="Consul" source="/opt/robot/tests/consul">
<suite id="s1-s1-s1" name="Crud" source="/opt/robot/tests/consul/crud">
<suite id="s1-s1-s1-s1" name="Crud" source="/opt/robot/tests/consul/crud/crud.robot">
<kw name="Preparation" type="SETUP">
<kw name="Generate Random String" owner="String">
<msg time="2025-12-15T07:42:29.006599" level="INFO">${random_id} = azd</msg>
<var>${random_id}</var>
<arg>3</arg>
<arg>[LOWER]</arg>
<doc>Generates a string with a desired ``length`` from the given ``chars``.</doc>
<status status="PASS" start="2025-12-15T07:42:29.006248" elapsed="0.000401"/>
</kw>
<kw name="Set Suite Variable" owner="BuiltIn">
<msg time="2025-12-15T07:42:29.007870" level="INFO">${test_key} = test_key_azd</msg>
<arg>${test_key}</arg>
<arg>test_key_${random_id}</arg>
<doc>Makes a variable available everywhere within the scope of the current suite.</doc>
<status status="PASS" start="2025-12-15T07:42:29.007145" elapsed="0.000788"/>
</kw>
<kw name="Set Suite Variable" owner="BuiltIn">
<msg time="2025-12-15T07:42:29.008935" level="INFO">${path_test_key} = path_test_key/test_data_azd</msg>
<arg>${path_test_key}</arg>
<arg>path_test_key/test_data_${random_id}</arg>
<doc>Makes a variable available everywhere within the scope of the current suite.</doc>
<status status="PASS" start="2025-12-15T07:42:29.008311" elapsed="0.000677"/>
</kw>
<kw name="Set Suite Variable" owner="BuiltIn">
<msg time="2025-12-15T07:42:29.009953" level="INFO">${test_value} = test_value_azd</msg>
<arg>${test_value}</arg>
<arg>test_value_${random_id}</arg>
<doc>Makes a variable available everywhere within the scope of the current suite.</doc>
<status status="PASS" start="2025-12-15T07:42:29.009324" elapsed="0.000678"/>
</kw>
<status status="PASS" start="2025-12-15T07:42:29.005509" elapsed="0.004801"/>
</kw>
<test id="s1-s1-s1-s1-t1" name="Test Add Data" line="15">
<kw name="Add Test Data To Consul" owner="keywords">
<kw name="Put Data" owner="ConsulLibrary">
<msg time="2025-12-15T07:42:29.016123" level="FAIL">ACLPermissionDenied: rpc error making call: ACL system must be bootstrapped before making any requests that require authorization: ACL not found</msg>
<var>${response}</var>
<arg>${key}</arg>
<arg>${value}</arg>
<status status="FAIL" start="2025-12-15T07:42:29.011391" elapsed="0.006859">ACLPermissionDenied: rpc error making call: ACL system must be bootstrapped before making any requests that require authorization: ACL not found</status>
</kw>
<kw name="Should Be True" owner="BuiltIn">
<arg>${response}</arg>
<doc>Fails if the given condition is not true.</doc>
<status status="NOT RUN" start="2025-12-15T07:42:29.018659" elapsed="0.000075"/>
</kw>
<arg>${test_key}</arg>
<arg>${test_value}</arg>
<status status="FAIL" start="2025-12-15T07:42:29.011050" elapsed="0.007907">ACLPermissionDenied: rpc error making call: ACL system must be bootstrapped before making any requests that require authorization: ACL not found</status>
</kw>
<tag>crud</tag>
<tag>smoke</tag>
<status status="FAIL" start="2025-12-15T07:42:29.010503" elapsed="0.008717">ACLPermissionDenied: rpc error making call: ACL system must be bootstrapped before making any requests that require authorization: ACL not found</status>
</test>
<test id="s1-s1-s1-s1-t2" name="Test Read Data" line="19">
<kw name="Get And Check Test Data From Consul" owner="keywords">
<kw name="Get Data" owner="ConsulLibrary">
<msg time="2025-12-15T07:42:29.025752" level="FAIL">ACLPermissionDenied: ACL system must be bootstrapped before making any requests that require authorization: ACL not found</msg>
<var>${response}</var>
<arg>${key}</arg>
<status status="FAIL" start="2025-12-15T07:42:29.022248" elapsed="0.004505">ACLPermissionDenied: ACL system must be bootstrapped before making any requests that require authorization: ACL not found</status>
</kw>
<kw name="Should Be Equal As Strings" owner="BuiltIn">
<arg>${response}</arg>
<arg>${value}</arg>
<doc>Fails if objects are unequal after converting them to strings.</doc>
<status status="NOT RUN" start="2025-12-15T07:42:29.027151" elapsed="0.000074"/>
</kw>
<arg>${test_key}</arg>
<arg>${test_value}</arg>
<status status="FAIL" start="2025-12-15T07:42:29.021924" elapsed="0.005503">ACLPermissionDenied: ACL system must be bootstrapped before making any requests that require authorization: ACL not found</status>
</kw>
<tag>crud</tag>
<tag>smoke</tag>
<status status="FAIL" start="2025-12-15T07:42:29.021489" elapsed="0.006167">ACLPermissionDenied: ACL system must be bootstrapped before making any requests that require authorization: ACL not found</status>
</test>
<test id="s1-s1-s1-s1-t3" name="Test Update Data" line="23">
<kw name="Update Test Data In Consul" owner="keywords">
<kw name="Put Data" owner="ConsulLibrary">
<msg time="2025-12-15T07:42:29.086755" level="FAIL">ACLPermissionDenied: ACL system must be bootstrapped before making any requests that require authorization: ACL not found</msg>
<var>${response}</var>
<arg>${key}</arg>
<arg>${value}</arg>
<status status="FAIL" start="2025-12-15T07:42:29.030594" elapsed="0.057111">ACLPermissionDenied: ACL system must be bootstrapped before making any requests that require authorization: ACL not found</status>
</kw>
<kw name="Should Be True" owner="BuiltIn">
<arg>${response}</arg>
<doc>Fails if the given condition is not true.</doc>
<status status="NOT RUN" start="2025-12-15T07:42:29.088094" elapsed="0.000074"/>
</kw>
<arg>${test_key}</arg>
<arg>update_${test_value}</arg>
<status status="FAIL" start="2025-12-15T07:42:29.030268" elapsed="0.058097">ACLPermissionDenied: ACL system must be bootstrapped before making any requests that require authorization: ACL not found</status>
</kw>
<kw name="Get And Check Test Data From Consul" owner="keywords">
<arg>${test_key}</arg>
<arg>update_${test_value}</arg>
<status status="NOT RUN" start="2025-12-15T07:42:29.088601" elapsed="0.000069"/>
</kw>
<tag>crud</tag>
<tag>smoke</tag>
<status status="FAIL" start="2025-12-15T07:42:29.029862" elapsed="0.059020">ACLPermissionDenied: ACL system must be bootstrapped before making any requests that require authorization: ACL not found</status>
</test>
<test id="s1-s1-s1-s1-t4" name="Test Delete Data" line="28">
<kw name="Delete Test Data From Consul" owner="keywords">
<kw name="Delete Data" owner="ConsulLibrary">
<msg time="2025-12-15T07:42:29.095013" level="FAIL">ACLPermissionDenied: rpc error making call: ACL system must be bootstrapped before making any requests that require authorization: ACL not found</msg>
<var>${response}</var>
<arg>${key}</arg>
<status status="FAIL" start="2025-12-15T07:42:29.091737" elapsed="0.004143">ACLPermissionDenied: rpc error making call: ACL system must be bootstrapped before making any requests that require authorization: ACL not found</status>
</kw>
<kw name="Should Be True" owner="BuiltIn">
<arg>${response}</arg>
<doc>Fails if the given condition is not true.</doc>
<status status="NOT RUN" start="2025-12-15T07:42:29.096262" elapsed="0.000074"/>
</kw>
<arg>${test_key}</arg>
<status status="FAIL" start="2025-12-15T07:42:29.091451" elapsed="0.005080">ACLPermissionDenied: rpc error making call: ACL system must be bootstrapped before making any requests that require authorization: ACL not found</status>
</kw>
<tag>crud</tag>
<tag>smoke</tag>
<status status="FAIL" start="2025-12-15T07:42:29.091057" elapsed="0.005682">ACLPermissionDenied: rpc error making call: ACL system must be bootstrapped before making any requests that require authorization: ACL not found</status>
</test>
<test id="s1-s1-s1-s1-t5" name="Test Create Key Under Path" line="32">
<kw name="Add Test Data To Consul" owner="keywords">
<kw name="Put Data" owner="ConsulLibrary">
<msg time="2025-12-15T07:42:29.103782" level="FAIL">ACLPermissionDenied: rpc error making call: ACL system must be bootstrapped before making any requests that require authorization: ACL not found</msg>
<var>${response}</var>
<arg>${key}</arg>
<arg>${value}</arg>
<status status="FAIL" start="2025-12-15T07:42:29.099701" elapsed="0.005012">ACLPermissionDenied: rpc error making call: ACL system must be bootstrapped before making any requests that require authorization: ACL not found</status>
</kw>
<kw name="Should Be True" owner="BuiltIn">
<arg>${response}</arg>
<doc>Fails if the given condition is not true.</doc>
<status status="NOT RUN" start="2025-12-15T07:42:29.105218" elapsed="0.000078"/>
</kw>
<arg>${path_test_key}</arg>
<arg>path_${test_value}</arg>
<status status="FAIL" start="2025-12-15T07:42:29.099338" elapsed="0.006155">ACLPermissionDenied: rpc error making call: ACL system must be bootstrapped before making any requests that require authorization: ACL not found</status>
</kw>
<tag>crud</tag>
<tag>smoke</tag>
<status status="FAIL" start="2025-12-15T07:42:29.098920" elapsed="0.006789">ACLPermissionDenied: rpc error making call: ACL system must be bootstrapped before making any requests that require authorization: ACL not found</status>
</test>
<test id="s1-s1-s1-s1-t6" name="Test Read Data Under Path" line="36">
<kw name="Get And Check Test Data From Consul" owner="keywords">
<kw name="Get Data" owner="ConsulLibrary">
<msg time="2025-12-15T07:42:29.111922" level="FAIL">ACLPermissionDenied: rpc error making call: ACL system must be bootstrapped before making any requests that require authorization: ACL not found</msg>
<var>${response}</var>
<arg>${key}</arg>
<status status="FAIL" start="2025-12-15T07:42:29.108704" elapsed="0.004888">ACLPermissionDenied: rpc error making call: ACL system must be bootstrapped before making any requests that require authorization: ACL not found</status>
</kw>
<kw name="Should Be Equal As Strings" owner="BuiltIn">
<arg>${response}</arg>
<arg>${value}</arg>
<doc>Fails if objects are unequal after converting them to strings.</doc>
<status status="NOT RUN" start="2025-12-15T07:42:29.113982" elapsed="0.000075"/>
</kw>
<arg>${path_test_key}</arg>
<arg>path_${test_value}</arg>
<status status="FAIL" start="2025-12-15T07:42:29.108327" elapsed="0.005935">ACLPermissionDenied: rpc error making call: ACL system must be bootstrapped before making any requests that require authorization: ACL not found</status>
</kw>
<tag>crud</tag>
<tag>smoke</tag>
<status status="FAIL" start="2025-12-15T07:42:29.107891" elapsed="0.006597">ACLPermissionDenied: rpc error making call: ACL system must be bootstrapped before making any requests that require authorization: ACL not found</status>
</test>
<test id="s1-s1-s1-s1-t7" name="Test Update Data Under Path" line="40">
<kw name="Update Test Data In Consul" owner="keywords">
<kw name="Put Data" owner="ConsulLibrary">
<msg time="2025-12-15T07:42:29.120564" level="FAIL">ACLPermissionDenied: rpc error making call: ACL system must be bootstrapped before making any requests that require authorization: ACL not found</msg>
<var>${response}</var>
<arg>${key}</arg>
<arg>${value}</arg>
<status status="FAIL" start="2025-12-15T07:42:29.117577" elapsed="0.003914">ACLPermissionDenied: rpc error making call: ACL system must be bootstrapped before making any requests that require authorization: ACL not found</status>
</kw>
<kw name="Should Be True" owner="BuiltIn">
<arg>${response}</arg>
<doc>Fails if the given condition is not true.</doc>
<status status="NOT RUN" start="2025-12-15T07:42:29.121880" elapsed="0.000075"/>
</kw>
<arg>${path_test_key}</arg>
<arg>update_path_${test_value}</arg>
<status status="FAIL" start="2025-12-15T07:42:29.117226" elapsed="0.004925">ACLPermissionDenied: rpc error making call: ACL system must be bootstrapped before making any requests that require authorization: ACL not found</status>
</kw>
<kw name="Get And Check Test Data From Consul" owner="keywords">
<arg>${path_test_key}</arg>
<arg>update_path_${test_value}</arg>
<status status="NOT RUN" start="2025-12-15T07:42:29.122386" elapsed="0.000071"/>
</kw>
<tag>crud</tag>
<tag>smoke</tag>
<status status="FAIL" start="2025-12-15T07:42:29.116822" elapsed="0.005845">ACLPermissionDenied: rpc error making call: ACL system must be bootstrapped before making any requests that require authorization: ACL not found</status>
</test>
<test id="s1-s1-s1-s1-t8" name="Test Delete Data Under Path" line="45">
<kw name="Delete Test Data From Consul" owner="keywords">
<kw name="Delete Data" owner="ConsulLibrary">
<msg time="2025-12-15T07:42:29.128896" level="FAIL">ACLPermissionDenied: ACL system must be bootstrapped before making any requests that require authorization: ACL not found</msg>
<var>${response}</var>
<arg>${key}</arg>
<status status="FAIL" start="2025-12-15T07:42:29.125551" elapsed="0.004184">ACLPermissionDenied: ACL system must be bootstrapped before making any requests that require authorization: ACL not found</status>
</kw>
<kw name="Should Be True" owner="BuiltIn">
<arg>${response}</arg>
<doc>Fails if the given condition is not true.</doc>
<status status="NOT RUN" start="2025-12-15T07:42:29.130136" elapsed="0.000078"/>
</kw>
<arg>${path_test_key}</arg>
<status status="FAIL" start="2025-12-15T07:42:29.125265" elapsed="0.005145">ACLPermissionDenied: ACL system must be bootstrapped before making any requests that require authorization: ACL not found</status>
</kw>
<tag>crud</tag>
<tag>smoke</tag>
<status status="FAIL" start="2025-12-15T07:42:29.124848" elapsed="0.005770">ACLPermissionDenied: ACL system must be bootstrapped before making any requests that require authorization: ACL not found</status>
</test>
<status status="FAIL" start="2025-12-15T07:42:28.097672" elapsed="1.036018"/>
</suite>
<status status="FAIL" start="2025-12-15T07:42:28.096773" elapsed="1.090707"/>
</suite>
<status status="FAIL" start="2025-12-15T07:42:28.095767" elapsed="1.092340"/>
</suite>
<status status="FAIL" start="2025-12-15T07:42:28.020595" elapsed="1.168057"/>
</suite>
<statistics>
<total>
<stat pass="0" fail="8" skip="0">All Tests</stat>
</total>
<tag>
<stat pass="0" fail="8" skip="0">crud</stat>
<stat pass="0" fail="8" skip="0">smoke</stat>
</tag>
<suite>
<stat name="Tests" id="s1" pass="0" fail="8" skip="0">Tests</stat>
<stat name="Consul" id="s1-s1" pass="0" fail="8" skip="0">Tests.Consul</stat>
<stat name="Crud" id="s1-s1-s1" pass="0" fail="8" skip="0">Tests.Consul.Crud</stat>
<stat name="Crud" id="s1-s1-s1-s1" pass="0" fail="8" skip="0">Tests.Consul.Crud.Crud</stat>
</suite>
</statistics>
<errors>
<msg time="2025-12-15T07:42:27.892931" level="WARN">Error in file '/opt/robot/tests/consul/alerts/alerts.robot' on line 28: The '[Return]' setting is deprecated. Use the 'RETURN' statement instead.</msg>
<msg time="2025-12-15T07:42:27.897538" level="WARN">Error in file '/opt/robot/tests/consul/backup/backup.robot' on line 36: The '[Return]' setting is deprecated. Use the 'RETURN' statement instead.</msg>
<msg time="2025-12-15T07:42:27.897730" level="WARN">Error in file '/opt/robot/tests/consul/backup/backup.robot' on line 48: The '[Return]' setting is deprecated. Use the 'RETURN' statement instead.</msg>
<msg time="2025-12-15T07:42:27.898113" level="WARN">Error in file '/opt/robot/tests/consul/backup/backup.robot' on line 83: The '[Return]' setting is deprecated. Use the 'RETURN' statement instead.</msg>
<msg time="2025-12-15T07:42:27.902069" level="WARN">Error in file '/opt/robot/tests/consul/backup/backup_s3.robot' on line 50: The '[Return]' setting is deprecated. Use the 'RETURN' statement instead.</msg>
<msg time="2025-12-15T07:42:27.902456" level="WARN">Error in file '/opt/robot/tests/consul/backup/backup_s3.robot' on line 85: The '[Return]' setting is deprecated. Use the 'RETURN' statement instead.</msg>
<msg time="2025-12-15T07:42:27.907361" level="WARN">Error in file '/opt/robot/tests/consul/ha/consul_ha.robot' on line 27: The '[Return]' setting is deprecated. Use the 'RETURN' statement instead.</msg>
<msg time="2025-12-15T07:42:27.907512" level="WARN">Error in file '/opt/robot/tests/consul/ha/consul_ha.robot' on line 32: The '[Return]' setting is deprecated. Use the 'RETURN' statement instead.</msg>
<msg time="2025-12-15T07:42:27.907779" level="WARN">Error in file '/opt/robot/tests/consul/ha/consul_ha.robot' on line 54: The '[Return]' setting is deprecated. Use the 'RETURN' statement instead.</msg>
</errors>
</robot>
