<?xml version="1.0" encoding="UTF-8"?>
<robot generator="Robot 7.3.2 (Python 3.13.9 on linux)" generated="2025-12-12T00:33:25.443988" rpa="false" schemaversion="5">
<suite id="s1" name="Tests" source="/opt/robot/tests">
<suite id="s1-s1" name="Consul" source="/opt/robot/tests/consul">
<suite id="s1-s1-s1" name="Crud" source="/opt/robot/tests/consul/crud">
<suite id="s1-s1-s1-s1" name="Crud" source="/opt/robot/tests/consul/crud/crud.robot">
<kw name="Preparation" type="SETUP">
<kw name="Generate Random String" owner="String">
<msg time="2025-12-12T00:33:26.561008" level="INFO">${random_id} = hyv</msg>
<var>${random_id}</var>
<arg>3</arg>
<arg>[LOWER]</arg>
<doc>Generates a string with a desired ``length`` from the given ``chars``.</doc>
<status status="PASS" start="2025-12-12T00:33:26.560643" elapsed="0.000415"/>
</kw>
<kw name="Set Suite Variable" owner="BuiltIn">
<msg time="2025-12-12T00:33:26.562326" level="INFO">${test_key} = test_key_hyv</msg>
<arg>${test_key}</arg>
<arg>test_key_${random_id}</arg>
<doc>Makes a variable available everywhere within the scope of the current suite.</doc>
<status status="PASS" start="2025-12-12T00:33:26.561598" elapsed="0.000793"/>
</kw>
<kw name="Set Suite Variable" owner="BuiltIn">
<msg time="2025-12-12T00:33:26.563411" level="INFO">${path_test_key} = path_test_key/test_data_hyv</msg>
<arg>${path_test_key}</arg>
<arg>path_test_key/test_data_${random_id}</arg>
<doc>Makes a variable available everywhere within the scope of the current suite.</doc>
<status status="PASS" start="2025-12-12T00:33:26.562774" elapsed="0.000688"/>
</kw>
<kw name="Set Suite Variable" owner="BuiltIn">
<msg time="2025-12-12T00:33:26.564419" level="INFO">${test_value} = test_value_hyv</msg>
<arg>${test_value}</arg>
<arg>test_value_${random_id}</arg>
<doc>Makes a variable available everywhere within the scope of the current suite.</doc>
<status status="PASS" start="2025-12-12T00:33:26.563792" elapsed="0.000677"/>
</kw>
<status status="PASS" start="2025-12-12T00:33:26.559862" elapsed="0.004927"/>
</kw>
<test id="s1-s1-s1-s1-t1" name="Test Add Data" line="15">
<kw name="Add Test Data To Consul" owner="keywords">
<kw name="Put Data" owner="ConsulLibrary">
<msg time="2025-12-12T00:33:26.634223" level="FAIL">ACLPermissionDenied: rpc error making call: ACL system must be bootstrapped before making any requests that require authorization: ACL not found</msg>
<var>${response}</var>
<arg>${key}</arg>
<arg>${value}</arg>
<status status="FAIL" start="2025-12-12T00:33:26.565851" elapsed="0.070757">ACLPermissionDenied: rpc error making call: ACL system must be bootstrapped before making any requests that require authorization: ACL not found</status>
</kw>
<kw name="Should Be True" owner="BuiltIn">
<arg>${response}</arg>
<doc>Fails if the given condition is not true.</doc>
<status status="NOT RUN" start="2025-12-12T00:33:26.637178" elapsed="0.000089"/>
</kw>
<arg>${test_key}</arg>
<arg>${test_value}</arg>
<status status="FAIL" start="2025-12-12T00:33:26.565519" elapsed="0.071990">ACLPermissionDenied: rpc error making call: ACL system must be bootstrapped before making any requests that require authorization: ACL not found</status>
</kw>
<tag>crud</tag>
<tag>smoke</tag>
<status status="FAIL" start="2025-12-12T00:33:26.564988" elapsed="0.072784">ACLPermissionDenied: rpc error making call: ACL system must be bootstrapped before making any requests that require authorization: ACL not found</status>
</test>
<test id="s1-s1-s1-s1-t2" name="Test Read Data" line="19">
<kw name="Get And Check Test Data From Consul" owner="keywords">
<kw name="Get Data" owner="ConsulLibrary">
<msg time="2025-12-12T00:33:26.644737" level="FAIL">ACLPermissionDenied: rpc error making call: ACL system must be bootstrapped before making any requests that require authorization: ACL not found</msg>
<var>${response}</var>
<arg>${key}</arg>
<status status="FAIL" start="2025-12-12T00:33:26.640996" elapsed="0.005041">ACLPermissionDenied: rpc error making call: ACL system must be bootstrapped before making any requests that require authorization: ACL not found</status>
</kw>
<kw name="Should Be Equal As Strings" owner="BuiltIn">
<arg>${response}</arg>
<arg>${value}</arg>
<doc>Fails if objects are unequal after converting them to strings.</doc>
<status status="NOT RUN" start="2025-12-12T00:33:26.646461" elapsed="0.000075"/>
</kw>
<arg>${test_key}</arg>
<arg>${test_value}</arg>
<status status="FAIL" start="2025-12-12T00:33:26.640647" elapsed="0.006103">ACLPermissionDenied: rpc error making call: ACL system must be bootstrapped before making any requests that require authorization: ACL not found</status>
</kw>
<tag>crud</tag>
<tag>smoke</tag>
<status status="FAIL" start="2025-12-12T00:33:26.640135" elapsed="0.006850">ACLPermissionDenied: rpc error making call: ACL system must be bootstrapped before making any requests that require authorization: ACL not found</status>
</test>
<test id="s1-s1-s1-s1-t3" name="Test Update Data" line="23">
<kw name="Update Test Data In Consul" owner="keywords">
<kw name="Put Data" owner="ConsulLibrary">
<msg time="2025-12-12T00:33:26.652916" level="FAIL">ACLPermissionDenied: ACL system must be bootstrapped before making any requests that require authorization: ACL not found</msg>
<var>${response}</var>
<arg>${key}</arg>
<arg>${value}</arg>
<status status="FAIL" start="2025-12-12T00:33:26.649970" elapsed="0.003836">ACLPermissionDenied: ACL system must be bootstrapped before making any requests that require authorization: ACL not found</status>
</kw>
<kw name="Should Be True" owner="BuiltIn">
<arg>${response}</arg>
<doc>Fails if the given condition is not true.</doc>
<status status="NOT RUN" start="2025-12-12T00:33:26.654202" elapsed="0.000072"/>
</kw>
<arg>${test_key}</arg>
<arg>update_${test_value}</arg>
<status status="FAIL" start="2025-12-12T00:33:26.649625" elapsed="0.004876">ACLPermissionDenied: ACL system must be bootstrapped before making any requests that require authorization: ACL not found</status>
</kw>
<kw name="Get And Check Test Data From Consul" owner="keywords">
<arg>${test_key}</arg>
<arg>update_${test_value}</arg>
<status status="NOT RUN" start="2025-12-12T00:33:26.654751" elapsed="0.000073"/>
</kw>
<tag>crud</tag>
<tag>smoke</tag>
<status status="FAIL" start="2025-12-12T00:33:26.649205" elapsed="0.005833">ACLPermissionDenied: ACL system must be bootstrapped before making any requests that require authorization: ACL not found</status>
</test>
<test id="s1-s1-s1-s1-t4" name="Test Delete Data" line="28">
<kw name="Delete Test Data From Consul" owner="keywords">
<kw name="Delete Data" owner="ConsulLibrary">
<msg time="2025-12-12T00:33:26.661222" level="FAIL">ACLPermissionDenied: rpc error making call: ACL system must be bootstrapped before making any requests that require authorization: ACL not found</msg>
<var>${response}</var>
<arg>${key}</arg>
<status status="FAIL" start="2025-12-12T00:33:26.657938" elapsed="0.004148">ACLPermissionDenied: rpc error making call: ACL system must be bootstrapped before making any requests that require authorization: ACL not found</status>
</kw>
<kw name="Should Be True" owner="BuiltIn">
<arg>${response}</arg>
<doc>Fails if the given condition is not true.</doc>
<status status="NOT RUN" start="2025-12-12T00:33:26.662518" elapsed="0.000073"/>
</kw>
<arg>${test_key}</arg>
<status status="FAIL" start="2025-12-12T00:33:26.657645" elapsed="0.005141">ACLPermissionDenied: rpc error making call: ACL system must be bootstrapped before making any requests that require authorization: ACL not found</status>
</kw>
<tag>crud</tag>
<tag>smoke</tag>
<status status="FAIL" start="2025-12-12T00:33:26.657247" elapsed="0.005782">ACLPermissionDenied: rpc error making call: ACL system must be bootstrapped before making any requests that require authorization: ACL not found</status>
</test>
<test id="s1-s1-s1-s1-t5" name="Test Create Key Under Path" line="32">
<kw name="Add Test Data To Consul" owner="keywords">
<kw name="Put Data" owner="ConsulLibrary">
<msg time="2025-12-12T00:33:26.668992" level="FAIL">ACLPermissionDenied: rpc error making call: ACL system must be bootstrapped before making any requests that require authorization: ACL not found</msg>
<var>${response}</var>
<arg>${key}</arg>
<arg>${value}</arg>
<status status="FAIL" start="2025-12-12T00:33:26.666023" elapsed="0.003937">ACLPermissionDenied: rpc error making call: ACL system must be bootstrapped before making any requests that require authorization: ACL not found</status>
</kw>
<kw name="Should Be True" owner="BuiltIn">
<arg>${response}</arg>
<doc>Fails if the given condition is not true.</doc>
<status status="NOT RUN" start="2025-12-12T00:33:26.670344" elapsed="0.000073"/>
</kw>
<arg>${path_test_key}</arg>
<arg>path_${test_value}</arg>
<status status="FAIL" start="2025-12-12T00:33:26.665681" elapsed="0.004929">ACLPermissionDenied: rpc error making call: ACL system must be bootstrapped before making any requests that require authorization: ACL not found</status>
</kw>
<tag>crud</tag>
<tag>smoke</tag>
<status status="FAIL" start="2025-12-12T00:33:26.665267" elapsed="0.005557">ACLPermissionDenied: rpc error making call: ACL system must be bootstrapped before making any requests that require authorization: ACL not found</status>
</test>
<test id="s1-s1-s1-s1-t6" name="Test Read Data Under Path" line="36">
<kw name="Get And Check Test Data From Consul" owner="keywords">
<kw name="Get Data" owner="ConsulLibrary">
<msg time="2025-12-12T00:33:26.677092" level="FAIL">ACLPermissionDenied: rpc error making call: ACL system must be bootstrapped before making any requests that require authorization: ACL not found</msg>
<var>${response}</var>
<arg>${key}</arg>
<status status="FAIL" start="2025-12-12T00:33:26.673795" elapsed="0.004994">ACLPermissionDenied: rpc error making call: ACL system must be bootstrapped before making any requests that require authorization: ACL not found</status>
</kw>
<kw name="Should Be Equal As Strings" owner="BuiltIn">
<arg>${response}</arg>
<arg>${value}</arg>
<doc>Fails if objects are unequal after converting them to strings.</doc>
<status status="NOT RUN" start="2025-12-12T00:33:26.679172" elapsed="0.000073"/>
</kw>
<arg>${path_test_key}</arg>
<arg>path_${test_value}</arg>
<status status="FAIL" start="2025-12-12T00:33:26.673468" elapsed="0.005976">ACLPermissionDenied: rpc error making call: ACL system must be bootstrapped before making any requests that require authorization: ACL not found</status>
</kw>
<tag>crud</tag>
<tag>smoke</tag>
<status status="FAIL" start="2025-12-12T00:33:26.673065" elapsed="0.006593">ACLPermissionDenied: rpc error making call: ACL system must be bootstrapped before making any requests that require authorization: ACL not found</status>
</test>
<test id="s1-s1-s1-s1-t7" name="Test Update Data Under Path" line="40">
<kw name="Update Test Data In Consul" owner="keywords">
<kw name="Put Data" owner="ConsulLibrary">
<msg time="2025-12-12T00:33:26.736273" level="FAIL">ACLPermissionDenied: ACL system must be bootstrapped before making any requests that require authorization: ACL not found</msg>
<var>${response}</var>
<arg>${key}</arg>
<arg>${value}</arg>
<status status="FAIL" start="2025-12-12T00:33:26.733090" elapsed="0.004252">ACLPermissionDenied: ACL system must be bootstrapped before making any requests that require authorization: ACL not found</status>
</kw>
<kw name="Should Be True" owner="BuiltIn">
<arg>${response}</arg>
<doc>Fails if the given condition is not true.</doc>
<status status="NOT RUN" start="2025-12-12T00:33:26.737864" elapsed="0.000097"/>
</kw>
<arg>${path_test_key}</arg>
<arg>update_path_${test_value}</arg>
<status status="FAIL" start="2025-12-12T00:33:26.732716" elapsed="0.005461">ACLPermissionDenied: ACL system must be bootstrapped before making any requests that require authorization: ACL not found</status>
</kw>
<kw name="Get And Check Test Data From Consul" owner="keywords">
<arg>${path_test_key}</arg>
<arg>update_path_${test_value}</arg>
<status status="NOT RUN" start="2025-12-12T00:33:26.738424" elapsed="0.000070"/>
</kw>
<tag>crud</tag>
<tag>smoke</tag>
<status status="FAIL" start="2025-12-12T00:33:26.732186" elapsed="0.006518">ACLPermissionDenied: ACL system must be bootstrapped before making any requests that require authorization: ACL not found</status>
</test>
<test id="s1-s1-s1-s1-t8" name="Test Delete Data Under Path" line="45">
<kw name="Delete Test Data From Consul" owner="keywords">
<kw name="Delete Data" owner="ConsulLibrary">
<msg time="2025-12-12T00:33:26.745189" level="FAIL">ACLPermissionDenied: rpc error making call: ACL system must be bootstrapped before making any requests that require authorization: ACL not found</msg>
<var>${response}</var>
<arg>${key}</arg>
<status status="FAIL" start="2025-12-12T00:33:26.741642" elapsed="0.004453">ACLPermissionDenied: rpc error making call: ACL system must be bootstrapped before making any requests that require authorization: ACL not found</status>
</kw>
<kw name="Should Be True" owner="BuiltIn">
<arg>${response}</arg>
<doc>Fails if the given condition is not true.</doc>
<status status="NOT RUN" start="2025-12-12T00:33:26.746512" elapsed="0.000073"/>
</kw>
<arg>${path_test_key}</arg>
<status status="FAIL" start="2025-12-12T00:33:26.741343" elapsed="0.005437">ACLPermissionDenied: rpc error making call: ACL system must be bootstrapped before making any requests that require authorization: ACL not found</status>
</kw>
<tag>crud</tag>
<tag>smoke</tag>
<status status="FAIL" start="2025-12-12T00:33:26.740902" elapsed="0.006092">ACLPermissionDenied: rpc error making call: ACL system must be bootstrapped before making any requests that require authorization: ACL not found</status>
</test>
<status status="FAIL" start="2025-12-12T00:33:25.570371" elapsed="1.179021"/>
</suite>
<status status="FAIL" start="2025-12-12T00:33:25.569461" elapsed="1.183785"/>
</suite>
<status status="FAIL" start="2025-12-12T00:33:25.568475" elapsed="1.185550"/>
</suite>
<status status="FAIL" start="2025-12-12T00:33:25.553702" elapsed="1.200886"/>
</suite>
<statistics>
<total>
<stat pass="0" fail="8" skip="0">All Tests</stat>
</total>
<tag>
<stat pass="0" fail="8" skip="0">crud</stat>
<stat pass="0" fail="8" skip="0">smoke</stat>
</tag>
<suite>
<stat name="Tests" id="s1" pass="0" fail="8" skip="0">Tests</stat>
<stat name="Consul" id="s1-s1" pass="0" fail="8" skip="0">Tests.Consul</stat>
<stat name="Crud" id="s1-s1-s1" pass="0" fail="8" skip="0">Tests.Consul.Crud</stat>
<stat name="Crud" id="s1-s1-s1-s1" pass="0" fail="8" skip="0">Tests.Consul.Crud.Crud</stat>
</suite>
</statistics>
<errors>
<msg time="2025-12-12T00:33:25.361352" level="WARN">Error in file '/opt/robot/tests/consul/alerts/alerts.robot' on line 28: The '[Return]' setting is deprecated. Use the 'RETURN' statement instead.</msg>
<msg time="2025-12-12T00:33:25.366006" level="WARN">Error in file '/opt/robot/tests/consul/backup/backup.robot' on line 36: The '[Return]' setting is deprecated. Use the 'RETURN' statement instead.</msg>
<msg time="2025-12-12T00:33:25.366199" level="WARN">Error in file '/opt/robot/tests/consul/backup/backup.robot' on line 48: The '[Return]' setting is deprecated. Use the 'RETURN' statement instead.</msg>
<msg time="2025-12-12T00:33:25.366593" level="WARN">Error in file '/opt/robot/tests/consul/backup/backup.robot' on line 83: The '[Return]' setting is deprecated. Use the 'RETURN' statement instead.</msg>
<msg time="2025-12-12T00:33:25.370584" level="WARN">Error in file '/opt/robot/tests/consul/backup/backup_s3.robot' on line 50: The '[Return]' setting is deprecated. Use the 'RETURN' statement instead.</msg>
<msg time="2025-12-12T00:33:25.370971" level="WARN">Error in file '/opt/robot/tests/consul/backup/backup_s3.robot' on line 85: The '[Return]' setting is deprecated. Use the 'RETURN' statement instead.</msg>
<msg time="2025-12-12T00:33:25.436609" level="WARN">Error in file '/opt/robot/tests/consul/ha/consul_ha.robot' on line 27: The '[Return]' setting is deprecated. Use the 'RETURN' statement instead.</msg>
<msg time="2025-12-12T00:33:25.436894" level="WARN">Error in file '/opt/robot/tests/consul/ha/consul_ha.robot' on line 32: The '[Return]' setting is deprecated. Use the 'RETURN' statement instead.</msg>
<msg time="2025-12-12T00:33:25.437337" level="WARN">Error in file '/opt/robot/tests/consul/ha/consul_ha.robot' on line 54: The '[Return]' setting is deprecated. Use the 'RETURN' statement instead.</msg>
</errors>
</robot>
