<?xml version="1.0" encoding="UTF-8"?>
<robot generator="Robot 7.3.2 (Python 3.13.9 on linux)" generated="2025-12-05T03:31:05.777119" rpa="false" schemaversion="5">
<suite id="s1" name="Tests" source="/opt/robot/tests">
<suite id="s1-s1" name="Consul" source="/opt/robot/tests/consul">
<suite id="s1-s1-s1" name="Crud" source="/opt/robot/tests/consul/crud">
<suite id="s1-s1-s1-s1" name="Crud" source="/opt/robot/tests/consul/crud/crud.robot">
<kw name="Preparation" type="SETUP">
<kw name="Generate Random String" owner="String">
<msg time="2025-12-05T03:31:06.888942" level="INFO">${random_id} = noh</msg>
<var>${random_id}</var>
<arg>3</arg>
<arg>[LOWER]</arg>
<doc>Generates a string with a desired ``length`` from the given ``chars``.</doc>
<status status="PASS" start="2025-12-05T03:31:06.888439" elapsed="0.000580"/>
</kw>
<kw name="Set Suite Variable" owner="BuiltIn">
<msg time="2025-12-05T03:31:06.950545" level="INFO">${test_key} = test_key_noh</msg>
<arg>${test_key}</arg>
<arg>test_key_${random_id}</arg>
<doc>Makes a variable available everywhere within the scope of the current suite.</doc>
<status status="PASS" start="2025-12-05T03:31:06.889546" elapsed="0.061125"/>
</kw>
<kw name="Set Suite Variable" owner="BuiltIn">
<msg time="2025-12-05T03:31:06.952040" level="INFO">${path_test_key} = path_test_key/test_data_noh</msg>
<arg>${path_test_key}</arg>
<arg>path_test_key/test_data_${random_id}</arg>
<doc>Makes a variable available everywhere within the scope of the current suite.</doc>
<status status="PASS" start="2025-12-05T03:31:06.951300" elapsed="0.000797"/>
</kw>
<kw name="Set Suite Variable" owner="BuiltIn">
<msg time="2025-12-05T03:31:06.953093" level="INFO">${test_value} = test_value_noh</msg>
<arg>${test_value}</arg>
<arg>test_value_${random_id}</arg>
<doc>Makes a variable available everywhere within the scope of the current suite.</doc>
<status status="PASS" start="2025-12-05T03:31:06.952465" elapsed="0.000678"/>
</kw>
<status status="PASS" start="2025-12-05T03:31:06.887609" elapsed="0.065868"/>
</kw>
<test id="s1-s1-s1-s1-t1" name="Test Add Data" line="15">
<kw name="Add Test Data To Consul" owner="keywords">
<kw name="Put Data" owner="ConsulLibrary">
<msg time="2025-12-05T03:31:06.962781" level="FAIL">ACLPermissionDenied: ACL system must be bootstrapped before making any requests that require authorization: ACL not found</msg>
<var>${response}</var>
<arg>${key}</arg>
<arg>${value}</arg>
<status status="FAIL" start="2025-12-05T03:31:06.954662" elapsed="0.010532">ACLPermissionDenied: ACL system must be bootstrapped before making any requests that require authorization: ACL not found</status>
</kw>
<kw name="Should Be True" owner="BuiltIn">
<arg>${response}</arg>
<doc>Fails if the given condition is not true.</doc>
<status status="NOT RUN" start="2025-12-05T03:31:06.965672" elapsed="0.000081"/>
</kw>
<arg>${test_key}</arg>
<arg>${test_value}</arg>
<status status="FAIL" start="2025-12-05T03:31:06.954299" elapsed="0.011717">ACLPermissionDenied: ACL system must be bootstrapped before making any requests that require authorization: ACL not found</status>
</kw>
<tag>crud</tag>
<tag>smoke</tag>
<status status="FAIL" start="2025-12-05T03:31:06.953694" elapsed="0.012590">ACLPermissionDenied: ACL system must be bootstrapped before making any requests that require authorization: ACL not found</status>
</test>
<test id="s1-s1-s1-s1-t2" name="Test Read Data" line="19">
<kw name="Get And Check Test Data From Consul" owner="keywords">
<kw name="Get Data" owner="ConsulLibrary">
<msg time="2025-12-05T03:31:06.973872" level="FAIL">ACLPermissionDenied: rpc error making call: ACL system must be bootstrapped before making any requests that require authorization: ACL not found</msg>
<var>${response}</var>
<arg>${key}</arg>
<status status="FAIL" start="2025-12-05T03:31:06.969568" elapsed="0.005357">ACLPermissionDenied: rpc error making call: ACL system must be bootstrapped before making any requests that require authorization: ACL not found</status>
</kw>
<kw name="Should Be Equal As Strings" owner="BuiltIn">
<arg>${response}</arg>
<arg>${value}</arg>
<doc>Fails if objects are unequal after converting them to strings.</doc>
<status status="NOT RUN" start="2025-12-05T03:31:06.975346" elapsed="0.000077"/>
</kw>
<arg>${test_key}</arg>
<arg>${test_value}</arg>
<status status="FAIL" start="2025-12-05T03:31:06.969211" elapsed="0.006436">ACLPermissionDenied: rpc error making call: ACL system must be bootstrapped before making any requests that require authorization: ACL not found</status>
</kw>
<tag>crud</tag>
<tag>smoke</tag>
<status status="FAIL" start="2025-12-05T03:31:06.968705" elapsed="0.007189">ACLPermissionDenied: rpc error making call: ACL system must be bootstrapped before making any requests that require authorization: ACL not found</status>
</test>
<test id="s1-s1-s1-s1-t3" name="Test Update Data" line="23">
<kw name="Update Test Data In Consul" owner="keywords">
<kw name="Put Data" owner="ConsulLibrary">
<msg time="2025-12-05T03:31:06.982465" level="FAIL">ACLPermissionDenied: ACL system must be bootstrapped before making any requests that require authorization: ACL not found</msg>
<var>${response}</var>
<arg>${key}</arg>
<arg>${value}</arg>
<status status="FAIL" start="2025-12-05T03:31:06.978997" elapsed="0.004395">ACLPermissionDenied: ACL system must be bootstrapped before making any requests that require authorization: ACL not found</status>
</kw>
<kw name="Should Be True" owner="BuiltIn">
<arg>${response}</arg>
<doc>Fails if the given condition is not true.</doc>
<status status="NOT RUN" start="2025-12-05T03:31:06.983818" elapsed="0.000076"/>
</kw>
<arg>${test_key}</arg>
<arg>update_${test_value}</arg>
<status status="FAIL" start="2025-12-05T03:31:06.978642" elapsed="0.005456">ACLPermissionDenied: ACL system must be bootstrapped before making any requests that require authorization: ACL not found</status>
</kw>
<kw name="Get And Check Test Data From Consul" owner="keywords">
<arg>${test_key}</arg>
<arg>update_${test_value}</arg>
<status status="NOT RUN" start="2025-12-05T03:31:06.984345" elapsed="0.000070"/>
</kw>
<tag>crud</tag>
<tag>smoke</tag>
<status status="FAIL" start="2025-12-05T03:31:06.978165" elapsed="0.006459">ACLPermissionDenied: ACL system must be bootstrapped before making any requests that require authorization: ACL not found</status>
</test>
<test id="s1-s1-s1-s1-t4" name="Test Delete Data" line="28">
<kw name="Delete Test Data From Consul" owner="keywords">
<kw name="Delete Data" owner="ConsulLibrary">
<msg time="2025-12-05T03:31:06.990794" level="FAIL">ACLPermissionDenied: ACL system must be bootstrapped before making any requests that require authorization: ACL not found</msg>
<var>${response}</var>
<arg>${key}</arg>
<status status="FAIL" start="2025-12-05T03:31:06.987540" elapsed="0.004184">ACLPermissionDenied: ACL system must be bootstrapped before making any requests that require authorization: ACL not found</status>
</kw>
<kw name="Should Be True" owner="BuiltIn">
<arg>${response}</arg>
<doc>Fails if the given condition is not true.</doc>
<status status="NOT RUN" start="2025-12-05T03:31:06.992126" elapsed="0.000075"/>
</kw>
<arg>${test_key}</arg>
<status status="FAIL" start="2025-12-05T03:31:06.987231" elapsed="0.005174">ACLPermissionDenied: ACL system must be bootstrapped before making any requests that require authorization: ACL not found</status>
</kw>
<tag>crud</tag>
<tag>smoke</tag>
<status status="FAIL" start="2025-12-05T03:31:06.986815" elapsed="0.005818">ACLPermissionDenied: ACL system must be bootstrapped before making any requests that require authorization: ACL not found</status>
</test>
<test id="s1-s1-s1-s1-t5" name="Test Create Key Under Path" line="32">
<kw name="Add Test Data To Consul" owner="keywords">
<kw name="Put Data" owner="ConsulLibrary">
<msg time="2025-12-05T03:31:07.052503" level="FAIL">ACLPermissionDenied: ACL system must be bootstrapped before making any requests that require authorization: ACL not found</msg>
<var>${response}</var>
<arg>${key}</arg>
<arg>${value}</arg>
<status status="FAIL" start="2025-12-05T03:31:06.995558" elapsed="0.058022">ACLPermissionDenied: ACL system must be bootstrapped before making any requests that require authorization: ACL not found</status>
</kw>
<kw name="Should Be True" owner="BuiltIn">
<arg>${response}</arg>
<doc>Fails if the given condition is not true.</doc>
<status status="NOT RUN" start="2025-12-05T03:31:07.054227" elapsed="0.000096"/>
</kw>
<arg>${path_test_key}</arg>
<arg>path_${test_value}</arg>
<status status="FAIL" start="2025-12-05T03:31:06.995213" elapsed="0.059341">ACLPermissionDenied: ACL system must be bootstrapped before making any requests that require authorization: ACL not found</status>
</kw>
<tag>crud</tag>
<tag>smoke</tag>
<status status="FAIL" start="2025-12-05T03:31:06.994795" elapsed="0.060004">ACLPermissionDenied: ACL system must be bootstrapped before making any requests that require authorization: ACL not found</status>
</test>
<test id="s1-s1-s1-s1-t6" name="Test Read Data Under Path" line="36">
<kw name="Get And Check Test Data From Consul" owner="keywords">
<kw name="Get Data" owner="ConsulLibrary">
<msg time="2025-12-05T03:31:07.061729" level="FAIL">ACLPermissionDenied: rpc error making call: ACL system must be bootstrapped before making any requests that require authorization: ACL not found</msg>
<var>${response}</var>
<arg>${key}</arg>
<status status="FAIL" start="2025-12-05T03:31:07.057884" elapsed="0.005830">ACLPermissionDenied: rpc error making call: ACL system must be bootstrapped before making any requests that require authorization: ACL not found</status>
</kw>
<kw name="Should Be Equal As Strings" owner="BuiltIn">
<arg>${response}</arg>
<arg>${value}</arg>
<doc>Fails if objects are unequal after converting them to strings.</doc>
<status status="NOT RUN" start="2025-12-05T03:31:07.064160" elapsed="0.000076"/>
</kw>
<arg>${path_test_key}</arg>
<arg>path_${test_value}</arg>
<status status="FAIL" start="2025-12-05T03:31:07.057532" elapsed="0.006915">ACLPermissionDenied: rpc error making call: ACL system must be bootstrapped before making any requests that require authorization: ACL not found</status>
</kw>
<tag>crud</tag>
<tag>smoke</tag>
<status status="FAIL" start="2025-12-05T03:31:07.057054" elapsed="0.007618">ACLPermissionDenied: rpc error making call: ACL system must be bootstrapped before making any requests that require authorization: ACL not found</status>
</test>
<test id="s1-s1-s1-s1-t7" name="Test Update Data Under Path" line="40">
<kw name="Update Test Data In Consul" owner="keywords">
<kw name="Put Data" owner="ConsulLibrary">
<msg time="2025-12-05T03:31:07.071567" level="FAIL">ACLPermissionDenied: rpc error making call: ACL system must be bootstrapped before making any requests that require authorization: ACL not found</msg>
<var>${response}</var>
<arg>${key}</arg>
<arg>${value}</arg>
<status status="FAIL" start="2025-12-05T03:31:07.067695" elapsed="0.004813">ACLPermissionDenied: rpc error making call: ACL system must be bootstrapped before making any requests that require authorization: ACL not found</status>
</kw>
<kw name="Should Be True" owner="BuiltIn">
<arg>${response}</arg>
<doc>Fails if the given condition is not true.</doc>
<status status="NOT RUN" start="2025-12-05T03:31:07.072931" elapsed="0.000073"/>
</kw>
<arg>${path_test_key}</arg>
<arg>update_path_${test_value}</arg>
<status status="FAIL" start="2025-12-05T03:31:07.067332" elapsed="0.005872">ACLPermissionDenied: rpc error making call: ACL system must be bootstrapped before making any requests that require authorization: ACL not found</status>
</kw>
<kw name="Get And Check Test Data From Consul" owner="keywords">
<arg>${path_test_key}</arg>
<arg>update_path_${test_value}</arg>
<status status="NOT RUN" start="2025-12-05T03:31:07.073444" elapsed="0.000069"/>
</kw>
<tag>crud</tag>
<tag>smoke</tag>
<status status="FAIL" start="2025-12-05T03:31:07.066870" elapsed="0.006850">ACLPermissionDenied: rpc error making call: ACL system must be bootstrapped before making any requests that require authorization: ACL not found</status>
</test>
<test id="s1-s1-s1-s1-t8" name="Test Delete Data Under Path" line="45">
<kw name="Delete Test Data From Consul" owner="keywords">
<kw name="Delete Data" owner="ConsulLibrary">
<msg time="2025-12-05T03:31:07.080254" level="FAIL">ACLPermissionDenied: ACL system must be bootstrapped before making any requests that require authorization: ACL not found</msg>
<var>${response}</var>
<arg>${key}</arg>
<status status="FAIL" start="2025-12-05T03:31:07.076667" elapsed="0.004492">ACLPermissionDenied: ACL system must be bootstrapped before making any requests that require authorization: ACL not found</status>
</kw>
<kw name="Should Be True" owner="BuiltIn">
<arg>${response}</arg>
<doc>Fails if the given condition is not true.</doc>
<status status="NOT RUN" start="2025-12-05T03:31:07.081579" elapsed="0.000077"/>
</kw>
<arg>${path_test_key}</arg>
<status status="FAIL" start="2025-12-05T03:31:07.076371" elapsed="0.005525">ACLPermissionDenied: ACL system must be bootstrapped before making any requests that require authorization: ACL not found</status>
</kw>
<tag>crud</tag>
<tag>smoke</tag>
<status status="FAIL" start="2025-12-05T03:31:07.075940" elapsed="0.006179">ACLPermissionDenied: ACL system must be bootstrapped before making any requests that require authorization: ACL not found</status>
</test>
<status status="FAIL" start="2025-12-05T03:31:05.963969" elapsed="1.120620"/>
</suite>
<status status="FAIL" start="2025-12-05T03:31:05.963020" elapsed="1.125111"/>
</suite>
<status status="FAIL" start="2025-12-05T03:31:05.961921" elapsed="1.126868"/>
</suite>
<status status="FAIL" start="2025-12-05T03:31:05.886317" elapsed="1.203011"/>
</suite>
<statistics>
<total>
<stat pass="0" fail="8" skip="0">All Tests</stat>
</total>
<tag>
<stat pass="0" fail="8" skip="0">crud</stat>
<stat pass="0" fail="8" skip="0">smoke</stat>
</tag>
<suite>
<stat name="Tests" id="s1" pass="0" fail="8" skip="0">Tests</stat>
<stat name="Consul" id="s1-s1" pass="0" fail="8" skip="0">Tests.Consul</stat>
<stat name="Crud" id="s1-s1-s1" pass="0" fail="8" skip="0">Tests.Consul.Crud</stat>
<stat name="Crud" id="s1-s1-s1-s1" pass="0" fail="8" skip="0">Tests.Consul.Crud.Crud</stat>
</suite>
</statistics>
<errors>
<msg time="2025-12-05T03:31:05.755080" level="WARN">Error in file '/opt/robot/tests/consul/alerts/alerts.robot' on line 28: The '[Return]' setting is deprecated. Use the 'RETURN' statement instead.</msg>
<msg time="2025-12-05T03:31:05.759893" level="WARN">Error in file '/opt/robot/tests/consul/backup/backup.robot' on line 36: The '[Return]' setting is deprecated. Use the 'RETURN' statement instead.</msg>
<msg time="2025-12-05T03:31:05.760104" level="WARN">Error in file '/opt/robot/tests/consul/backup/backup.robot' on line 48: The '[Return]' setting is deprecated. Use the 'RETURN' statement instead.</msg>
<msg time="2025-12-05T03:31:05.760514" level="WARN">Error in file '/opt/robot/tests/consul/backup/backup.robot' on line 83: The '[Return]' setting is deprecated. Use the 'RETURN' statement instead.</msg>
<msg time="2025-12-05T03:31:05.764760" level="WARN">Error in file '/opt/robot/tests/consul/backup/backup_s3.robot' on line 50: The '[Return]' setting is deprecated. Use the 'RETURN' statement instead.</msg>
<msg time="2025-12-05T03:31:05.765181" level="WARN">Error in file '/opt/robot/tests/consul/backup/backup_s3.robot' on line 85: The '[Return]' setting is deprecated. Use the 'RETURN' statement instead.</msg>
<msg time="2025-12-05T03:31:05.770541" level="WARN">Error in file '/opt/robot/tests/consul/ha/consul_ha.robot' on line 27: The '[Return]' setting is deprecated. Use the 'RETURN' statement instead.</msg>
<msg time="2025-12-05T03:31:05.770701" level="WARN">Error in file '/opt/robot/tests/consul/ha/consul_ha.robot' on line 32: The '[Return]' setting is deprecated. Use the 'RETURN' statement instead.</msg>
<msg time="2025-12-05T03:31:05.770982" level="WARN">Error in file '/opt/robot/tests/consul/ha/consul_ha.robot' on line 54: The '[Return]' setting is deprecated. Use the 'RETURN' statement instead.</msg>
</errors>
</robot>
