<?xml version="1.0" encoding="UTF-8"?>
<robot generator="Robot 7.3.2 (Python 3.13.9 on linux)" generated="2025-12-12T11:48:48.692678" rpa="false" schemaversion="5">
<suite id="s1" name="Tests" source="/opt/robot/tests">
<suite id="s1-s1" name="Consul" source="/opt/robot/tests/consul">
<suite id="s1-s1-s1" name="Crud" source="/opt/robot/tests/consul/crud">
<suite id="s1-s1-s1-s1" name="Crud" source="/opt/robot/tests/consul/crud/crud.robot">
<kw name="Preparation" type="SETUP">
<kw name="Generate Random String" owner="String">
<msg time="2025-12-12T11:48:50.575429" level="INFO">${random_id} = wrt</msg>
<var>${random_id}</var>
<arg>3</arg>
<arg>[LOWER]</arg>
<doc>Generates a string with a desired ``length`` from the given ``chars``.</doc>
<status status="PASS" start="2025-12-12T11:48:50.574747" elapsed="0.000770"/>
</kw>
<kw name="Set Suite Variable" owner="BuiltIn">
<msg time="2025-12-12T11:48:50.592362" level="INFO">${test_key} = test_key_wrt</msg>
<arg>${test_key}</arg>
<arg>test_key_${random_id}</arg>
<doc>Makes a variable available everywhere within the scope of the current suite.</doc>
<status status="PASS" start="2025-12-12T11:48:50.576372" elapsed="0.016235"/>
</kw>
<kw name="Set Suite Variable" owner="BuiltIn">
<msg time="2025-12-12T11:48:50.594572" level="INFO">${path_test_key} = path_test_key/test_data_wrt</msg>
<arg>${path_test_key}</arg>
<arg>path_test_key/test_data_${random_id}</arg>
<doc>Makes a variable available everywhere within the scope of the current suite.</doc>
<status status="PASS" start="2025-12-12T11:48:50.593435" elapsed="0.001228"/>
</kw>
<kw name="Set Suite Variable" owner="BuiltIn">
<msg time="2025-12-12T11:48:50.598192" level="INFO">${test_value} = test_value_wrt</msg>
<arg>${test_value}</arg>
<arg>test_value_${random_id}</arg>
<doc>Makes a variable available everywhere within the scope of the current suite.</doc>
<status status="PASS" start="2025-12-12T11:48:50.595762" elapsed="0.002523"/>
</kw>
<status status="PASS" start="2025-12-12T11:48:50.573397" elapsed="0.025414"/>
</kw>
<test id="s1-s1-s1-s1-t1" name="Test Add Data" line="15">
<kw name="Add Test Data To Consul" owner="keywords">
<kw name="Put Data" owner="ConsulLibrary">
<msg time="2025-12-12T11:48:50.607174" level="FAIL">ACLPermissionDenied: rpc error making call: ACL system must be bootstrapped before making any requests that require authorization: ACL not found</msg>
<var>${response}</var>
<arg>${key}</arg>
<arg>${value}</arg>
<status status="FAIL" start="2025-12-12T11:48:50.600715" elapsed="0.010126">ACLPermissionDenied: rpc error making call: ACL system must be bootstrapped before making any requests that require authorization: ACL not found</status>
</kw>
<kw name="Should Be True" owner="BuiltIn">
<arg>${response}</arg>
<doc>Fails if the given condition is not true.</doc>
<status status="NOT RUN" start="2025-12-12T11:48:50.611732" elapsed="0.000123"/>
</kw>
<arg>${test_key}</arg>
<arg>${test_value}</arg>
<status status="FAIL" start="2025-12-12T11:48:50.600140" elapsed="0.011991">ACLPermissionDenied: rpc error making call: ACL system must be bootstrapped before making any requests that require authorization: ACL not found</status>
</kw>
<tag>crud</tag>
<tag>smoke</tag>
<status status="FAIL" start="2025-12-12T11:48:50.599124" elapsed="0.013284">ACLPermissionDenied: rpc error making call: ACL system must be bootstrapped before making any requests that require authorization: ACL not found</status>
</test>
<test id="s1-s1-s1-s1-t2" name="Test Read Data" line="19">
<kw name="Get And Check Test Data From Consul" owner="keywords">
<kw name="Get Data" owner="ConsulLibrary">
<msg time="2025-12-12T11:48:50.619438" level="FAIL">ACLPermissionDenied: ACL system must be bootstrapped before making any requests that require authorization: ACL not found</msg>
<var>${response}</var>
<arg>${key}</arg>
<status status="FAIL" start="2025-12-12T11:48:50.616176" elapsed="0.004438">ACLPermissionDenied: ACL system must be bootstrapped before making any requests that require authorization: ACL not found</status>
</kw>
<kw name="Should Be Equal As Strings" owner="BuiltIn">
<arg>${response}</arg>
<arg>${value}</arg>
<doc>Fails if objects are unequal after converting them to strings.</doc>
<status status="NOT RUN" start="2025-12-12T11:48:50.621139" elapsed="0.000082"/>
</kw>
<arg>${test_key}</arg>
<arg>${test_value}</arg>
<status status="FAIL" start="2025-12-12T11:48:50.615586" elapsed="0.005861">ACLPermissionDenied: ACL system must be bootstrapped before making any requests that require authorization: ACL not found</status>
</kw>
<tag>crud</tag>
<tag>smoke</tag>
<status status="FAIL" start="2025-12-12T11:48:50.614835" elapsed="0.006948">ACLPermissionDenied: ACL system must be bootstrapped before making any requests that require authorization: ACL not found</status>
</test>
<test id="s1-s1-s1-s1-t3" name="Test Update Data" line="23">
<kw name="Update Test Data In Consul" owner="keywords">
<kw name="Put Data" owner="ConsulLibrary">
<msg time="2025-12-12T11:48:50.628163" level="FAIL">ACLPermissionDenied: ACL system must be bootstrapped before making any requests that require authorization: ACL not found</msg>
<var>${response}</var>
<arg>${key}</arg>
<arg>${value}</arg>
<status status="FAIL" start="2025-12-12T11:48:50.625376" elapsed="0.003783">ACLPermissionDenied: ACL system must be bootstrapped before making any requests that require authorization: ACL not found</status>
</kw>
<kw name="Should Be True" owner="BuiltIn">
<arg>${response}</arg>
<doc>Fails if the given condition is not true.</doc>
<status status="NOT RUN" start="2025-12-12T11:48:50.629696" elapsed="0.000084"/>
</kw>
<arg>${test_key}</arg>
<arg>update_${test_value}</arg>
<status status="FAIL" start="2025-12-12T11:48:50.624806" elapsed="0.005194">ACLPermissionDenied: ACL system must be bootstrapped before making any requests that require authorization: ACL not found</status>
</kw>
<kw name="Get And Check Test Data From Consul" owner="keywords">
<arg>${test_key}</arg>
<arg>update_${test_value}</arg>
<status status="NOT RUN" start="2025-12-12T11:48:50.630265" elapsed="0.000077"/>
</kw>
<tag>crud</tag>
<tag>smoke</tag>
<status status="FAIL" start="2025-12-12T11:48:50.624138" elapsed="0.006431">ACLPermissionDenied: ACL system must be bootstrapped before making any requests that require authorization: ACL not found</status>
</test>
<test id="s1-s1-s1-s1-t4" name="Test Delete Data" line="28">
<kw name="Delete Test Data From Consul" owner="keywords">
<kw name="Delete Data" owner="ConsulLibrary">
<msg time="2025-12-12T11:48:50.670485" level="FAIL">ACLPermissionDenied: rpc error making call: ACL system must be bootstrapped before making any requests that require authorization: ACL not found</msg>
<var>${response}</var>
<arg>${key}</arg>
<status status="FAIL" start="2025-12-12T11:48:50.665649" elapsed="0.006513">ACLPermissionDenied: rpc error making call: ACL system must be bootstrapped before making any requests that require authorization: ACL not found</status>
</kw>
<kw name="Should Be True" owner="BuiltIn">
<arg>${response}</arg>
<doc>Fails if the given condition is not true.</doc>
<status status="NOT RUN" start="2025-12-12T11:48:50.672908" elapsed="0.000140"/>
</kw>
<arg>${test_key}</arg>
<status status="FAIL" start="2025-12-12T11:48:50.665061" elapsed="0.008353">ACLPermissionDenied: rpc error making call: ACL system must be bootstrapped before making any requests that require authorization: ACL not found</status>
</kw>
<tag>crud</tag>
<tag>smoke</tag>
<status status="FAIL" start="2025-12-12T11:48:50.664296" elapsed="0.009503">ACLPermissionDenied: rpc error making call: ACL system must be bootstrapped before making any requests that require authorization: ACL not found</status>
</test>
<test id="s1-s1-s1-s1-t5" name="Test Create Key Under Path" line="32">
<kw name="Add Test Data To Consul" owner="keywords">
<kw name="Put Data" owner="ConsulLibrary">
<msg time="2025-12-12T11:48:50.683221" level="FAIL">ACLPermissionDenied: ACL system must be bootstrapped before making any requests that require authorization: ACL not found</msg>
<var>${response}</var>
<arg>${key}</arg>
<arg>${value}</arg>
<status status="FAIL" start="2025-12-12T11:48:50.679481" elapsed="0.005356">ACLPermissionDenied: ACL system must be bootstrapped before making any requests that require authorization: ACL not found</status>
</kw>
<kw name="Should Be True" owner="BuiltIn">
<arg>${response}</arg>
<doc>Fails if the given condition is not true.</doc>
<status status="NOT RUN" start="2025-12-12T11:48:50.685595" elapsed="0.000130"/>
</kw>
<arg>${path_test_key}</arg>
<arg>path_${test_value}</arg>
<status status="FAIL" start="2025-12-12T11:48:50.678832" elapsed="0.007252">ACLPermissionDenied: ACL system must be bootstrapped before making any requests that require authorization: ACL not found</status>
</kw>
<tag>crud</tag>
<tag>smoke</tag>
<status status="FAIL" start="2025-12-12T11:48:50.677804" elapsed="0.008668">ACLPermissionDenied: ACL system must be bootstrapped before making any requests that require authorization: ACL not found</status>
</test>
<test id="s1-s1-s1-s1-t6" name="Test Read Data Under Path" line="36">
<kw name="Get And Check Test Data From Consul" owner="keywords">
<kw name="Get Data" owner="ConsulLibrary">
<msg time="2025-12-12T11:48:50.696656" level="FAIL">ACLPermissionDenied: rpc error making call: ACL system must be bootstrapped before making any requests that require authorization: ACL not found</msg>
<var>${response}</var>
<arg>${key}</arg>
<status status="FAIL" start="2025-12-12T11:48:50.692035" elapsed="0.007666">ACLPermissionDenied: rpc error making call: ACL system must be bootstrapped before making any requests that require authorization: ACL not found</status>
</kw>
<kw name="Should Be Equal As Strings" owner="BuiltIn">
<arg>${response}</arg>
<arg>${value}</arg>
<doc>Fails if objects are unequal after converting them to strings.</doc>
<status status="NOT RUN" start="2025-12-12T11:48:50.700473" elapsed="0.000133"/>
</kw>
<arg>${path_test_key}</arg>
<arg>path_${test_value}</arg>
<status status="FAIL" start="2025-12-12T11:48:50.691323" elapsed="0.009657">ACLPermissionDenied: rpc error making call: ACL system must be bootstrapped before making any requests that require authorization: ACL not found</status>
</kw>
<tag>crud</tag>
<tag>smoke</tag>
<status status="FAIL" start="2025-12-12T11:48:50.690599" elapsed="0.010763">ACLPermissionDenied: rpc error making call: ACL system must be bootstrapped before making any requests that require authorization: ACL not found</status>
</test>
<test id="s1-s1-s1-s1-t7" name="Test Update Data Under Path" line="40">
<kw name="Update Test Data In Consul" owner="keywords">
<kw name="Put Data" owner="ConsulLibrary">
<msg time="2025-12-12T11:48:50.763251" level="FAIL">ACLPermissionDenied: ACL system must be bootstrapped before making any requests that require authorization: ACL not found</msg>
<var>${response}</var>
<arg>${key}</arg>
<arg>${value}</arg>
<status status="FAIL" start="2025-12-12T11:48:50.706731" elapsed="0.058197">ACLPermissionDenied: ACL system must be bootstrapped before making any requests that require authorization: ACL not found</status>
</kw>
<kw name="Should Be True" owner="BuiltIn">
<arg>${response}</arg>
<doc>Fails if the given condition is not true.</doc>
<status status="NOT RUN" start="2025-12-12T11:48:50.765720" elapsed="0.000135"/>
</kw>
<arg>${path_test_key}</arg>
<arg>update_path_${test_value}</arg>
<status status="FAIL" start="2025-12-12T11:48:50.706154" elapsed="0.060053">ACLPermissionDenied: ACL system must be bootstrapped before making any requests that require authorization: ACL not found</status>
</kw>
<kw name="Get And Check Test Data From Consul" owner="keywords">
<arg>${path_test_key}</arg>
<arg>update_path_${test_value}</arg>
<status status="NOT RUN" start="2025-12-12T11:48:50.766628" elapsed="0.000119"/>
</kw>
<tag>crud</tag>
<tag>smoke</tag>
<status status="FAIL" start="2025-12-12T11:48:50.705455" elapsed="0.061630">ACLPermissionDenied: ACL system must be bootstrapped before making any requests that require authorization: ACL not found</status>
</test>
<test id="s1-s1-s1-s1-t8" name="Test Delete Data Under Path" line="45">
<kw name="Delete Test Data From Consul" owner="keywords">
<kw name="Delete Data" owner="ConsulLibrary">
<msg time="2025-12-12T11:48:50.788100" level="FAIL">ACLPermissionDenied: rpc error making call: ACL system must be bootstrapped before making any requests that require authorization: ACL not found</msg>
<var>${response}</var>
<arg>${key}</arg>
<status status="FAIL" start="2025-12-12T11:48:50.776098" elapsed="0.013734">ACLPermissionDenied: rpc error making call: ACL system must be bootstrapped before making any requests that require authorization: ACL not found</status>
</kw>
<kw name="Should Be True" owner="BuiltIn">
<arg>${response}</arg>
<doc>Fails if the given condition is not true.</doc>
<status status="NOT RUN" start="2025-12-12T11:48:50.790619" elapsed="0.000130"/>
</kw>
<arg>${path_test_key}</arg>
<status status="FAIL" start="2025-12-12T11:48:50.775547" elapsed="0.015539">ACLPermissionDenied: rpc error making call: ACL system must be bootstrapped before making any requests that require authorization: ACL not found</status>
</kw>
<tag>crud</tag>
<tag>smoke</tag>
<status status="FAIL" start="2025-12-12T11:48:50.774684" elapsed="0.016769">ACLPermissionDenied: rpc error making call: ACL system must be bootstrapped before making any requests that require authorization: ACL not found</status>
</test>
<status status="FAIL" start="2025-12-12T11:48:48.976100" elapsed="1.821360"/>
</suite>
<status status="FAIL" start="2025-12-12T11:48:48.973098" elapsed="1.830558"/>
</suite>
<status status="FAIL" start="2025-12-12T11:48:48.970756" elapsed="1.834705"/>
</suite>
<status status="FAIL" start="2025-12-12T11:48:48.883635" elapsed="1.923270"/>
</suite>
<statistics>
<total>
<stat pass="0" fail="8" skip="0">All Tests</stat>
</total>
<tag>
<stat pass="0" fail="8" skip="0">crud</stat>
<stat pass="0" fail="8" skip="0">smoke</stat>
</tag>
<suite>
<stat name="Tests" id="s1" pass="0" fail="8" skip="0">Tests</stat>
<stat name="Consul" id="s1-s1" pass="0" fail="8" skip="0">Tests.Consul</stat>
<stat name="Crud" id="s1-s1-s1" pass="0" fail="8" skip="0">Tests.Consul.Crud</stat>
<stat name="Crud" id="s1-s1-s1-s1" pass="0" fail="8" skip="0">Tests.Consul.Crud.Crud</stat>
</suite>
</statistics>
<errors>
<msg time="2025-12-12T11:48:48.594702" level="WARN">Error in file '/opt/robot/tests/consul/alerts/alerts.robot' on line 28: The '[Return]' setting is deprecated. Use the 'RETURN' statement instead.</msg>
<msg time="2025-12-12T11:48:48.603746" level="WARN">Error in file '/opt/robot/tests/consul/backup/backup.robot' on line 36: The '[Return]' setting is deprecated. Use the 'RETURN' statement instead.</msg>
<msg time="2025-12-12T11:48:48.661811" level="WARN">Error in file '/opt/robot/tests/consul/backup/backup.robot' on line 48: The '[Return]' setting is deprecated. Use the 'RETURN' statement instead.</msg>
<msg time="2025-12-12T11:48:48.662598" level="WARN">Error in file '/opt/robot/tests/consul/backup/backup.robot' on line 83: The '[Return]' setting is deprecated. Use the 'RETURN' statement instead.</msg>
<msg time="2025-12-12T11:48:48.670206" level="WARN">Error in file '/opt/robot/tests/consul/backup/backup_s3.robot' on line 50: The '[Return]' setting is deprecated. Use the 'RETURN' statement instead.</msg>
<msg time="2025-12-12T11:48:48.670805" level="WARN">Error in file '/opt/robot/tests/consul/backup/backup_s3.robot' on line 85: The '[Return]' setting is deprecated. Use the 'RETURN' statement instead.</msg>
<msg time="2025-12-12T11:48:48.680138" level="WARN">Error in file '/opt/robot/tests/consul/ha/consul_ha.robot' on line 27: The '[Return]' setting is deprecated. Use the 'RETURN' statement instead.</msg>
<msg time="2025-12-12T11:48:48.680431" level="WARN">Error in file '/opt/robot/tests/consul/ha/consul_ha.robot' on line 32: The '[Return]' setting is deprecated. Use the 'RETURN' statement instead.</msg>
<msg time="2025-12-12T11:48:48.681461" level="WARN">Error in file '/opt/robot/tests/consul/ha/consul_ha.robot' on line 54: The '[Return]' setting is deprecated. Use the 'RETURN' statement instead.</msg>
</errors>
</robot>
