<?xml version="1.0" encoding="UTF-8"?>
<robot generator="Robot 7.3.2 (Python 3.13.9 on linux)" generated="2025-12-12T11:59:57.822921" rpa="false" schemaversion="5">
<suite id="s1" name="Tests" source="/opt/robot/tests">
<suite id="s1-s1" name="Consul" source="/opt/robot/tests/consul">
<suite id="s1-s1-s1" name="Crud" source="/opt/robot/tests/consul/crud">
<suite id="s1-s1-s1-s1" name="Crud" source="/opt/robot/tests/consul/crud/crud.robot">
<kw name="Preparation" type="SETUP">
<kw name="Generate Random String" owner="String">
<msg time="2025-12-12T11:59:58.947509" level="INFO">${random_id} = tnr</msg>
<var>${random_id}</var>
<arg>3</arg>
<arg>[LOWER]</arg>
<doc>Generates a string with a desired ``length`` from the given ``chars``.</doc>
<status status="PASS" start="2025-12-12T11:59:58.947080" elapsed="0.000482"/>
</kw>
<kw name="Set Suite Variable" owner="BuiltIn">
<msg time="2025-12-12T11:59:58.948821" level="INFO">${test_key} = test_key_tnr</msg>
<arg>${test_key}</arg>
<arg>test_key_${random_id}</arg>
<doc>Makes a variable available everywhere within the scope of the current suite.</doc>
<status status="PASS" start="2025-12-12T11:59:58.948079" elapsed="0.000808"/>
</kw>
<kw name="Set Suite Variable" owner="BuiltIn">
<msg time="2025-12-12T11:59:58.949907" level="INFO">${path_test_key} = path_test_key/test_data_tnr</msg>
<arg>${path_test_key}</arg>
<arg>path_test_key/test_data_${random_id}</arg>
<doc>Makes a variable available everywhere within the scope of the current suite.</doc>
<status status="PASS" start="2025-12-12T11:59:58.949279" elapsed="0.000680"/>
</kw>
<kw name="Set Suite Variable" owner="BuiltIn">
<msg time="2025-12-12T11:59:58.950926" level="INFO">${test_value} = test_value_tnr</msg>
<arg>${test_value}</arg>
<arg>test_value_${random_id}</arg>
<doc>Makes a variable available everywhere within the scope of the current suite.</doc>
<status status="PASS" start="2025-12-12T11:59:58.950293" elapsed="0.000684"/>
</kw>
<status status="PASS" start="2025-12-12T11:59:58.945919" elapsed="0.005377"/>
</kw>
<test id="s1-s1-s1-s1-t1" name="Test Add Data" line="15">
<kw name="Add Test Data To Consul" owner="keywords">
<kw name="Put Data" owner="ConsulLibrary">
<msg time="2025-12-12T11:59:58.959370" level="FAIL">ACLPermissionDenied: ACL system must be bootstrapped before making any requests that require authorization: ACL not found</msg>
<var>${response}</var>
<arg>${key}</arg>
<arg>${value}</arg>
<status status="FAIL" start="2025-12-12T11:59:58.952467" elapsed="0.009167">ACLPermissionDenied: ACL system must be bootstrapped before making any requests that require authorization: ACL not found</status>
</kw>
<kw name="Should Be True" owner="BuiltIn">
<arg>${response}</arg>
<doc>Fails if the given condition is not true.</doc>
<status status="NOT RUN" start="2025-12-12T11:59:58.962116" elapsed="0.000079"/>
</kw>
<arg>${test_key}</arg>
<arg>${test_value}</arg>
<status status="FAIL" start="2025-12-12T11:59:58.952100" elapsed="0.010328">ACLPermissionDenied: ACL system must be bootstrapped before making any requests that require authorization: ACL not found</status>
</kw>
<tag>crud</tag>
<tag>smoke</tag>
<status status="FAIL" start="2025-12-12T11:59:58.951510" elapsed="0.011174">ACLPermissionDenied: ACL system must be bootstrapped before making any requests that require authorization: ACL not found</status>
</test>
<test id="s1-s1-s1-s1-t2" name="Test Read Data" line="19">
<kw name="Get And Check Test Data From Consul" owner="keywords">
<kw name="Get Data" owner="ConsulLibrary">
<msg time="2025-12-12T11:59:59.020455" level="FAIL">ACLPermissionDenied: rpc error making call: ACL system must be bootstrapped before making any requests that require authorization: ACL not found</msg>
<var>${response}</var>
<arg>${key}</arg>
<status status="FAIL" start="2025-12-12T11:59:59.016486" elapsed="0.005180">ACLPermissionDenied: rpc error making call: ACL system must be bootstrapped before making any requests that require authorization: ACL not found</status>
</kw>
<kw name="Should Be Equal As Strings" owner="BuiltIn">
<arg>${response}</arg>
<arg>${value}</arg>
<doc>Fails if objects are unequal after converting them to strings.</doc>
<status status="NOT RUN" start="2025-12-12T11:59:59.022248" elapsed="0.000088"/>
</kw>
<arg>${test_key}</arg>
<arg>${test_value}</arg>
<status status="FAIL" start="2025-12-12T11:59:59.016052" elapsed="0.006513">ACLPermissionDenied: rpc error making call: ACL system must be bootstrapped before making any requests that require authorization: ACL not found</status>
</kw>
<tag>crud</tag>
<tag>smoke</tag>
<status status="FAIL" start="2025-12-12T11:59:58.965059" elapsed="0.057767">ACLPermissionDenied: rpc error making call: ACL system must be bootstrapped before making any requests that require authorization: ACL not found</status>
</test>
<test id="s1-s1-s1-s1-t3" name="Test Update Data" line="23">
<kw name="Update Test Data In Consul" owner="keywords">
<kw name="Put Data" owner="ConsulLibrary">
<msg time="2025-12-12T11:59:59.030850" level="FAIL">ACLPermissionDenied: rpc error making call: ACL system must be bootstrapped before making any requests that require authorization: ACL not found</msg>
<var>${response}</var>
<arg>${key}</arg>
<arg>${value}</arg>
<status status="FAIL" start="2025-12-12T11:59:59.027028" elapsed="0.004853">ACLPermissionDenied: rpc error making call: ACL system must be bootstrapped before making any requests that require authorization: ACL not found</status>
</kw>
<kw name="Should Be True" owner="BuiltIn">
<arg>${response}</arg>
<doc>Fails if the given condition is not true.</doc>
<status status="NOT RUN" start="2025-12-12T11:59:59.032406" elapsed="0.000081"/>
</kw>
<arg>${test_key}</arg>
<arg>update_${test_value}</arg>
<status status="FAIL" start="2025-12-12T11:59:59.026206" elapsed="0.006497">ACLPermissionDenied: rpc error making call: ACL system must be bootstrapped before making any requests that require authorization: ACL not found</status>
</kw>
<kw name="Get And Check Test Data From Consul" owner="keywords">
<arg>${test_key}</arg>
<arg>update_${test_value}</arg>
<status status="NOT RUN" start="2025-12-12T11:59:59.032969" elapsed="0.000072"/>
</kw>
<tag>crud</tag>
<tag>smoke</tag>
<status status="FAIL" start="2025-12-12T11:59:59.025290" elapsed="0.007989">ACLPermissionDenied: rpc error making call: ACL system must be bootstrapped before making any requests that require authorization: ACL not found</status>
</test>
<test id="s1-s1-s1-s1-t4" name="Test Delete Data" line="28">
<kw name="Delete Test Data From Consul" owner="keywords">
<kw name="Delete Data" owner="ConsulLibrary">
<msg time="2025-12-12T11:59:59.040898" level="FAIL">ACLPermissionDenied: rpc error making call: ACL system must be bootstrapped before making any requests that require authorization: ACL not found</msg>
<var>${response}</var>
<arg>${key}</arg>
<status status="FAIL" start="2025-12-12T11:59:59.036900" elapsed="0.005029">ACLPermissionDenied: rpc error making call: ACL system must be bootstrapped before making any requests that require authorization: ACL not found</status>
</kw>
<kw name="Should Be True" owner="BuiltIn">
<arg>${response}</arg>
<doc>Fails if the given condition is not true.</doc>
<status status="NOT RUN" start="2025-12-12T11:59:59.042455" elapsed="0.000081"/>
</kw>
<arg>${test_key}</arg>
<status status="FAIL" start="2025-12-12T11:59:59.036322" elapsed="0.006432">ACLPermissionDenied: rpc error making call: ACL system must be bootstrapped before making any requests that require authorization: ACL not found</status>
</kw>
<tag>crud</tag>
<tag>smoke</tag>
<status status="FAIL" start="2025-12-12T11:59:59.035597" elapsed="0.007395">ACLPermissionDenied: rpc error making call: ACL system must be bootstrapped before making any requests that require authorization: ACL not found</status>
</test>
<test id="s1-s1-s1-s1-t5" name="Test Create Key Under Path" line="32">
<kw name="Add Test Data To Consul" owner="keywords">
<kw name="Put Data" owner="ConsulLibrary">
<msg time="2025-12-12T11:59:59.051049" level="FAIL">ACLPermissionDenied: rpc error making call: ACL system must be bootstrapped before making any requests that require authorization: ACL not found</msg>
<var>${response}</var>
<arg>${key}</arg>
<arg>${value}</arg>
<status status="FAIL" start="2025-12-12T11:59:59.046801" elapsed="0.005381">ACLPermissionDenied: rpc error making call: ACL system must be bootstrapped before making any requests that require authorization: ACL not found</status>
</kw>
<kw name="Should Be True" owner="BuiltIn">
<arg>${response}</arg>
<doc>Fails if the given condition is not true.</doc>
<status status="NOT RUN" start="2025-12-12T11:59:59.052700" elapsed="0.000083"/>
</kw>
<arg>${path_test_key}</arg>
<arg>path_${test_value}</arg>
<status status="FAIL" start="2025-12-12T11:59:59.046106" elapsed="0.006893">ACLPermissionDenied: rpc error making call: ACL system must be bootstrapped before making any requests that require authorization: ACL not found</status>
</kw>
<tag>crud</tag>
<tag>smoke</tag>
<status status="FAIL" start="2025-12-12T11:59:59.045344" elapsed="0.007903">ACLPermissionDenied: rpc error making call: ACL system must be bootstrapped before making any requests that require authorization: ACL not found</status>
</test>
<test id="s1-s1-s1-s1-t6" name="Test Read Data Under Path" line="36">
<kw name="Get And Check Test Data From Consul" owner="keywords">
<kw name="Get Data" owner="ConsulLibrary">
<msg time="2025-12-12T11:59:59.116605" level="FAIL">ACLPermissionDenied: ACL system must be bootstrapped before making any requests that require authorization: ACL not found</msg>
<var>${response}</var>
<arg>${key}</arg>
<status status="FAIL" start="2025-12-12T11:59:59.056973" elapsed="0.061755">ACLPermissionDenied: ACL system must be bootstrapped before making any requests that require authorization: ACL not found</status>
</kw>
<kw name="Should Be Equal As Strings" owner="BuiltIn">
<arg>${response}</arg>
<arg>${value}</arg>
<doc>Fails if objects are unequal after converting them to strings.</doc>
<status status="NOT RUN" start="2025-12-12T11:59:59.119297" elapsed="0.000084"/>
</kw>
<arg>${path_test_key}</arg>
<arg>path_${test_value}</arg>
<status status="FAIL" start="2025-12-12T11:59:59.056335" elapsed="0.063266">ACLPermissionDenied: ACL system must be bootstrapped before making any requests that require authorization: ACL not found</status>
</kw>
<tag>crud</tag>
<tag>smoke</tag>
<status status="FAIL" start="2025-12-12T11:59:59.055595" elapsed="0.064241">ACLPermissionDenied: ACL system must be bootstrapped before making any requests that require authorization: ACL not found</status>
</test>
<test id="s1-s1-s1-s1-t7" name="Test Update Data Under Path" line="40">
<kw name="Update Test Data In Consul" owner="keywords">
<kw name="Put Data" owner="ConsulLibrary">
<msg time="2025-12-12T11:59:59.126685" level="FAIL">ACLPermissionDenied: rpc error making call: ACL system must be bootstrapped before making any requests that require authorization: ACL not found</msg>
<var>${response}</var>
<arg>${key}</arg>
<arg>${value}</arg>
<status status="FAIL" start="2025-12-12T11:59:59.123515" elapsed="0.004162">ACLPermissionDenied: rpc error making call: ACL system must be bootstrapped before making any requests that require authorization: ACL not found</status>
</kw>
<kw name="Should Be True" owner="BuiltIn">
<arg>${response}</arg>
<doc>Fails if the given condition is not true.</doc>
<status status="NOT RUN" start="2025-12-12T11:59:59.128134" elapsed="0.000075"/>
</kw>
<arg>${path_test_key}</arg>
<arg>update_path_${test_value}</arg>
<status status="FAIL" start="2025-12-12T11:59:59.122919" elapsed="0.005497">ACLPermissionDenied: rpc error making call: ACL system must be bootstrapped before making any requests that require authorization: ACL not found</status>
</kw>
<kw name="Get And Check Test Data From Consul" owner="keywords">
<arg>${path_test_key}</arg>
<arg>update_path_${test_value}</arg>
<status status="NOT RUN" start="2025-12-12T11:59:59.128669" elapsed="0.000071"/>
</kw>
<tag>crud</tag>
<tag>smoke</tag>
<status status="FAIL" start="2025-12-12T11:59:59.122144" elapsed="0.006819">ACLPermissionDenied: rpc error making call: ACL system must be bootstrapped before making any requests that require authorization: ACL not found</status>
</test>
<test id="s1-s1-s1-s1-t8" name="Test Delete Data Under Path" line="45">
<kw name="Delete Test Data From Consul" owner="keywords">
<kw name="Delete Data" owner="ConsulLibrary">
<msg time="2025-12-12T11:59:59.140471" level="FAIL">ACLPermissionDenied: rpc error making call: ACL system must be bootstrapped before making any requests that require authorization: ACL not found</msg>
<var>${response}</var>
<arg>${key}</arg>
<status status="FAIL" start="2025-12-12T11:59:59.132326" elapsed="0.009136">ACLPermissionDenied: rpc error making call: ACL system must be bootstrapped before making any requests that require authorization: ACL not found</status>
</kw>
<kw name="Should Be True" owner="BuiltIn">
<arg>${response}</arg>
<doc>Fails if the given condition is not true.</doc>
<status status="NOT RUN" start="2025-12-12T11:59:59.141970" elapsed="0.000083"/>
</kw>
<arg>${path_test_key}</arg>
<status status="FAIL" start="2025-12-12T11:59:59.131874" elapsed="0.010385">ACLPermissionDenied: rpc error making call: ACL system must be bootstrapped before making any requests that require authorization: ACL not found</status>
</kw>
<tag>crud</tag>
<tag>smoke</tag>
<status status="FAIL" start="2025-12-12T11:59:59.131223" elapsed="0.011264">ACLPermissionDenied: rpc error making call: ACL system must be bootstrapped before making any requests that require authorization: ACL not found</status>
</test>
<status status="FAIL" start="2025-12-12T11:59:57.951737" elapsed="1.193500"/>
</suite>
<status status="FAIL" start="2025-12-12T11:59:57.950366" elapsed="1.198839"/>
</suite>
<status status="FAIL" start="2025-12-12T11:59:57.948632" elapsed="1.201607"/>
</suite>
<status status="FAIL" start="2025-12-12T11:59:57.933273" elapsed="1.217926"/>
</suite>
<statistics>
<total>
<stat pass="0" fail="8" skip="0">All Tests</stat>
</total>
<tag>
<stat pass="0" fail="8" skip="0">crud</stat>
<stat pass="0" fail="8" skip="0">smoke</stat>
</tag>
<suite>
<stat name="Tests" id="s1" pass="0" fail="8" skip="0">Tests</stat>
<stat name="Consul" id="s1-s1" pass="0" fail="8" skip="0">Tests.Consul</stat>
<stat name="Crud" id="s1-s1-s1" pass="0" fail="8" skip="0">Tests.Consul.Crud</stat>
<stat name="Crud" id="s1-s1-s1-s1" pass="0" fail="8" skip="0">Tests.Consul.Crud.Crud</stat>
</suite>
</statistics>
<errors>
<msg time="2025-12-12T11:59:57.737436" level="WARN">Error in file '/opt/robot/tests/consul/alerts/alerts.robot' on line 28: The '[Return]' setting is deprecated. Use the 'RETURN' statement instead.</msg>
<msg time="2025-12-12T11:59:57.742856" level="WARN">Error in file '/opt/robot/tests/consul/backup/backup.robot' on line 36: The '[Return]' setting is deprecated. Use the 'RETURN' statement instead.</msg>
<msg time="2025-12-12T11:59:57.743094" level="WARN">Error in file '/opt/robot/tests/consul/backup/backup.robot' on line 48: The '[Return]' setting is deprecated. Use the 'RETURN' statement instead.</msg>
<msg time="2025-12-12T11:59:57.743734" level="WARN">Error in file '/opt/robot/tests/consul/backup/backup.robot' on line 83: The '[Return]' setting is deprecated. Use the 'RETURN' statement instead.</msg>
<msg time="2025-12-12T11:59:57.748431" level="WARN">Error in file '/opt/robot/tests/consul/backup/backup_s3.robot' on line 50: The '[Return]' setting is deprecated. Use the 'RETURN' statement instead.</msg>
<msg time="2025-12-12T11:59:57.749041" level="WARN">Error in file '/opt/robot/tests/consul/backup/backup_s3.robot' on line 85: The '[Return]' setting is deprecated. Use the 'RETURN' statement instead.</msg>
<msg time="2025-12-12T11:59:57.754331" level="WARN">Error in file '/opt/robot/tests/consul/ha/consul_ha.robot' on line 27: The '[Return]' setting is deprecated. Use the 'RETURN' statement instead.</msg>
<msg time="2025-12-12T11:59:57.754504" level="WARN">Error in file '/opt/robot/tests/consul/ha/consul_ha.robot' on line 32: The '[Return]' setting is deprecated. Use the 'RETURN' statement instead.</msg>
<msg time="2025-12-12T11:59:57.754974" level="WARN">Error in file '/opt/robot/tests/consul/ha/consul_ha.robot' on line 54: The '[Return]' setting is deprecated. Use the 'RETURN' statement instead.</msg>
</errors>
</robot>
