<?xml version="1.0" encoding="UTF-8"?>
<robot generator="Robot 7.3.2 (Python 3.13.9 on linux)" generated="2025-12-10T10:30:43.179228" rpa="false" schemaversion="5">
<suite id="s1" name="Tests" source="/opt/robot/tests">
<suite id="s1-s1" name="Consul" source="/opt/robot/tests/consul">
<suite id="s1-s1-s1" name="Crud" source="/opt/robot/tests/consul/crud">
<suite id="s1-s1-s1-s1" name="Crud" source="/opt/robot/tests/consul/crud/crud.robot">
<kw name="Preparation" type="SETUP">
<kw name="Generate Random String" owner="String">
<msg time="2025-12-10T10:30:44.284019" level="INFO">${random_id} = ium</msg>
<var>${random_id}</var>
<arg>3</arg>
<arg>[LOWER]</arg>
<doc>Generates a string with a desired ``length`` from the given ``chars``.</doc>
<status status="PASS" start="2025-12-10T10:30:44.283665" elapsed="0.000403"/>
</kw>
<kw name="Set Suite Variable" owner="BuiltIn">
<msg time="2025-12-10T10:30:44.285263" level="INFO">${test_key} = test_key_ium</msg>
<arg>${test_key}</arg>
<arg>test_key_${random_id}</arg>
<doc>Makes a variable available everywhere within the scope of the current suite.</doc>
<status status="PASS" start="2025-12-10T10:30:44.284545" elapsed="0.000784"/>
</kw>
<kw name="Set Suite Variable" owner="BuiltIn">
<msg time="2025-12-10T10:30:44.286353" level="INFO">${path_test_key} = path_test_key/test_data_ium</msg>
<arg>${path_test_key}</arg>
<arg>path_test_key/test_data_${random_id}</arg>
<doc>Makes a variable available everywhere within the scope of the current suite.</doc>
<status status="PASS" start="2025-12-10T10:30:44.285718" elapsed="0.000685"/>
</kw>
<kw name="Set Suite Variable" owner="BuiltIn">
<msg time="2025-12-10T10:30:44.287370" level="INFO">${test_value} = test_value_ium</msg>
<arg>${test_value}</arg>
<arg>test_value_${random_id}</arg>
<doc>Makes a variable available everywhere within the scope of the current suite.</doc>
<status status="PASS" start="2025-12-10T10:30:44.286730" elapsed="0.000691"/>
</kw>
<status status="PASS" start="2025-12-10T10:30:44.282922" elapsed="0.004808"/>
</kw>
<test id="s1-s1-s1-s1-t1" name="Test Add Data" line="15">
<kw name="Add Test Data To Consul" owner="keywords">
<kw name="Put Data" owner="ConsulLibrary">
<msg time="2025-12-10T10:30:44.298585" level="INFO">${response} = True</msg>
<var>${response}</var>
<arg>${key}</arg>
<arg>${value}</arg>
<status status="PASS" start="2025-12-10T10:30:44.288877" elapsed="0.009749"/>
</kw>
<kw name="Should Be True" owner="BuiltIn">
<arg>${response}</arg>
<doc>Fails if the given condition is not true.</doc>
<status status="PASS" start="2025-12-10T10:30:44.298994" elapsed="0.000193"/>
</kw>
<arg>${test_key}</arg>
<arg>${test_value}</arg>
<status status="PASS" start="2025-12-10T10:30:44.288518" elapsed="0.010836"/>
</kw>
<tag>crud</tag>
<tag>smoke</tag>
<status status="PASS" start="2025-12-10T10:30:44.287922" elapsed="0.011639"/>
</test>
<test id="s1-s1-s1-s1-t2" name="Test Read Data" line="19">
<kw name="Get And Check Test Data From Consul" owner="keywords">
<kw name="Get Data" owner="ConsulLibrary">
<msg time="2025-12-10T10:30:44.305906" level="INFO">${response} = test_value_ium</msg>
<var>${response}</var>
<arg>${key}</arg>
<status status="PASS" start="2025-12-10T10:30:44.302573" elapsed="0.003373"/>
</kw>
<kw name="Should Be Equal As Strings" owner="BuiltIn">
<msg time="2025-12-10T10:30:44.306527" level="INFO">Argument types are:
&lt;class 'bytes'&gt;
&lt;class 'str'&gt;</msg>
<arg>${response}</arg>
<arg>${value}</arg>
<doc>Fails if objects are unequal after converting them to strings.</doc>
<status status="PASS" start="2025-12-10T10:30:44.306319" elapsed="0.000271"/>
</kw>
<arg>${test_key}</arg>
<arg>${test_value}</arg>
<status status="PASS" start="2025-12-10T10:30:44.302260" elapsed="0.004614"/>
</kw>
<tag>crud</tag>
<tag>smoke</tag>
<status status="PASS" start="2025-12-10T10:30:44.301824" elapsed="0.005271"/>
</test>
<test id="s1-s1-s1-s1-t3" name="Test Update Data" line="23">
<kw name="Update Test Data In Consul" owner="keywords">
<kw name="Put Data" owner="ConsulLibrary">
<msg time="2025-12-10T10:30:44.317578" level="INFO">${response} = True</msg>
<var>${response}</var>
<arg>${key}</arg>
<arg>${value}</arg>
<status status="PASS" start="2025-12-10T10:30:44.310074" elapsed="0.007544"/>
</kw>
<kw name="Should Be True" owner="BuiltIn">
<arg>${response}</arg>
<doc>Fails if the given condition is not true.</doc>
<status status="PASS" start="2025-12-10T10:30:44.317982" elapsed="0.000223"/>
</kw>
<arg>${test_key}</arg>
<arg>update_${test_value}</arg>
<status status="PASS" start="2025-12-10T10:30:44.309747" elapsed="0.008622"/>
</kw>
<kw name="Get And Check Test Data From Consul" owner="keywords">
<kw name="Get Data" owner="ConsulLibrary">
<msg time="2025-12-10T10:30:44.320662" level="INFO">${response} = update_test_value_ium</msg>
<var>${response}</var>
<arg>${key}</arg>
<status status="PASS" start="2025-12-10T10:30:44.318897" elapsed="0.001802"/>
</kw>
<kw name="Should Be Equal As Strings" owner="BuiltIn">
<msg time="2025-12-10T10:30:44.321229" level="INFO">Argument types are:
&lt;class 'bytes'&gt;
&lt;class 'str'&gt;</msg>
<arg>${response}</arg>
<arg>${value}</arg>
<doc>Fails if objects are unequal after converting them to strings.</doc>
<status status="PASS" start="2025-12-10T10:30:44.321033" elapsed="0.000254"/>
</kw>
<arg>${test_key}</arg>
<arg>update_${test_value}</arg>
<status status="PASS" start="2025-12-10T10:30:44.318589" elapsed="0.002976"/>
</kw>
<tag>crud</tag>
<tag>smoke</tag>
<status status="PASS" start="2025-12-10T10:30:44.309346" elapsed="0.012422"/>
</test>
<test id="s1-s1-s1-s1-t4" name="Test Delete Data" line="28">
<kw name="Delete Test Data From Consul" owner="keywords">
<kw name="Delete Data" owner="ConsulLibrary">
<msg time="2025-12-10T10:30:44.374602" level="INFO">${response} = True</msg>
<var>${response}</var>
<arg>${key}</arg>
<status status="PASS" start="2025-12-10T10:30:44.324587" elapsed="0.050067"/>
</kw>
<kw name="Should Be True" owner="BuiltIn">
<arg>${response}</arg>
<doc>Fails if the given condition is not true.</doc>
<status status="PASS" start="2025-12-10T10:30:44.375151" elapsed="0.000223"/>
</kw>
<arg>${test_key}</arg>
<status status="PASS" start="2025-12-10T10:30:44.324297" elapsed="0.051245"/>
</kw>
<tag>crud</tag>
<tag>smoke</tag>
<status status="PASS" start="2025-12-10T10:30:44.323911" elapsed="0.051852"/>
</test>
<test id="s1-s1-s1-s1-t5" name="Test Create Key Under Path" line="32">
<kw name="Add Test Data To Consul" owner="keywords">
<kw name="Put Data" owner="ConsulLibrary">
<msg time="2025-12-10T10:30:44.386376" level="INFO">${response} = True</msg>
<var>${response}</var>
<arg>${key}</arg>
<arg>${value}</arg>
<status status="PASS" start="2025-12-10T10:30:44.378880" elapsed="0.007537"/>
</kw>
<kw name="Should Be True" owner="BuiltIn">
<arg>${response}</arg>
<doc>Fails if the given condition is not true.</doc>
<status status="PASS" start="2025-12-10T10:30:44.386786" elapsed="0.000186"/>
</kw>
<arg>${path_test_key}</arg>
<arg>path_${test_value}</arg>
<status status="PASS" start="2025-12-10T10:30:44.378521" elapsed="0.008608"/>
</kw>
<tag>crud</tag>
<tag>smoke</tag>
<status status="PASS" start="2025-12-10T10:30:44.378021" elapsed="0.009321"/>
</test>
<test id="s1-s1-s1-s1-t6" name="Test Read Data Under Path" line="36">
<kw name="Get And Check Test Data From Consul" owner="keywords">
<kw name="Get Data" owner="ConsulLibrary">
<msg time="2025-12-10T10:30:44.393274" level="INFO">${response} = path_test_value_ium</msg>
<var>${response}</var>
<arg>${key}</arg>
<status status="PASS" start="2025-12-10T10:30:44.390347" elapsed="0.002965"/>
</kw>
<kw name="Should Be Equal As Strings" owner="BuiltIn">
<msg time="2025-12-10T10:30:44.393878" level="INFO">Argument types are:
&lt;class 'bytes'&gt;
&lt;class 'str'&gt;</msg>
<arg>${response}</arg>
<arg>${value}</arg>
<doc>Fails if objects are unequal after converting them to strings.</doc>
<status status="PASS" start="2025-12-10T10:30:44.393662" elapsed="0.000274"/>
</kw>
<arg>${path_test_key}</arg>
<arg>path_${test_value}</arg>
<status status="PASS" start="2025-12-10T10:30:44.390013" elapsed="0.004204"/>
</kw>
<tag>crud</tag>
<tag>smoke</tag>
<status status="PASS" start="2025-12-10T10:30:44.389578" elapsed="0.004837"/>
</test>
<test id="s1-s1-s1-s1-t7" name="Test Update Data Under Path" line="40">
<kw name="Update Test Data In Consul" owner="keywords">
<kw name="Put Data" owner="ConsulLibrary">
<msg time="2025-12-10T10:30:44.404716" level="INFO">${response} = True</msg>
<var>${response}</var>
<arg>${key}</arg>
<arg>${value}</arg>
<status status="PASS" start="2025-12-10T10:30:44.397389" elapsed="0.007367"/>
</kw>
<kw name="Should Be True" owner="BuiltIn">
<arg>${response}</arg>
<doc>Fails if the given condition is not true.</doc>
<status status="PASS" start="2025-12-10T10:30:44.405103" elapsed="0.000183"/>
</kw>
<arg>${path_test_key}</arg>
<arg>update_path_${test_value}</arg>
<status status="PASS" start="2025-12-10T10:30:44.397071" elapsed="0.008376"/>
</kw>
<kw name="Get And Check Test Data From Consul" owner="keywords">
<kw name="Get Data" owner="ConsulLibrary">
<msg time="2025-12-10T10:30:44.407687" level="INFO">${response} = update_path_test_value_ium</msg>
<var>${response}</var>
<arg>${key}</arg>
<status status="PASS" start="2025-12-10T10:30:44.405996" elapsed="0.001729"/>
</kw>
<kw name="Should Be Equal As Strings" owner="BuiltIn">
<msg time="2025-12-10T10:30:44.408299" level="INFO">Argument types are:
&lt;class 'bytes'&gt;
&lt;class 'str'&gt;</msg>
<arg>${response}</arg>
<arg>${value}</arg>
<doc>Fails if objects are unequal after converting them to strings.</doc>
<status status="PASS" start="2025-12-10T10:30:44.408065" elapsed="0.000292"/>
</kw>
<arg>${path_test_key}</arg>
<arg>update_path_${test_value}</arg>
<status status="PASS" start="2025-12-10T10:30:44.405664" elapsed="0.002974"/>
</kw>
<tag>crud</tag>
<tag>smoke</tag>
<status status="PASS" start="2025-12-10T10:30:44.396652" elapsed="0.012176"/>
</test>
<test id="s1-s1-s1-s1-t8" name="Test Delete Data Under Path" line="45">
<kw name="Delete Test Data From Consul" owner="keywords">
<kw name="Delete Data" owner="ConsulLibrary">
<msg time="2025-12-10T10:30:44.420346" level="INFO">${response} = True</msg>
<var>${response}</var>
<arg>${key}</arg>
<status status="PASS" start="2025-12-10T10:30:44.411733" elapsed="0.008654"/>
</kw>
<kw name="Should Be True" owner="BuiltIn">
<arg>${response}</arg>
<doc>Fails if the given condition is not true.</doc>
<status status="PASS" start="2025-12-10T10:30:44.420737" elapsed="0.000185"/>
</kw>
<arg>${path_test_key}</arg>
<status status="PASS" start="2025-12-10T10:30:44.411441" elapsed="0.009641"/>
</kw>
<tag>crud</tag>
<tag>smoke</tag>
<status status="PASS" start="2025-12-10T10:30:44.411030" elapsed="0.010232"/>
</test>
<status status="PASS" start="2025-12-10T10:30:43.305029" elapsed="1.118589"/>
</suite>
<status status="PASS" start="2025-12-10T10:30:43.304111" elapsed="1.123109"/>
</suite>
<status status="PASS" start="2025-12-10T10:30:43.303086" elapsed="1.124722"/>
</suite>
<status status="PASS" start="2025-12-10T10:30:43.287841" elapsed="1.140533"/>
</suite>
<statistics>
<total>
<stat pass="8" fail="0" skip="0">All Tests</stat>
</total>
<tag>
<stat pass="8" fail="0" skip="0">crud</stat>
<stat pass="8" fail="0" skip="0">smoke</stat>
</tag>
<suite>
<stat name="Tests" id="s1" pass="8" fail="0" skip="0">Tests</stat>
<stat name="Consul" id="s1-s1" pass="8" fail="0" skip="0">Tests.Consul</stat>
<stat name="Crud" id="s1-s1-s1" pass="8" fail="0" skip="0">Tests.Consul.Crud</stat>
<stat name="Crud" id="s1-s1-s1-s1" pass="8" fail="0" skip="0">Tests.Consul.Crud.Crud</stat>
</suite>
</statistics>
<errors>
<msg time="2025-12-10T10:30:43.097215" level="WARN">Error in file '/opt/robot/tests/consul/alerts/alerts.robot' on line 28: The '[Return]' setting is deprecated. Use the 'RETURN' statement instead.</msg>
<msg time="2025-12-10T10:30:43.101987" level="WARN">Error in file '/opt/robot/tests/consul/backup/backup.robot' on line 36: The '[Return]' setting is deprecated. Use the 'RETURN' statement instead.</msg>
<msg time="2025-12-10T10:30:43.102180" level="WARN">Error in file '/opt/robot/tests/consul/backup/backup.robot' on line 48: The '[Return]' setting is deprecated. Use the 'RETURN' statement instead.</msg>
<msg time="2025-12-10T10:30:43.102563" level="WARN">Error in file '/opt/robot/tests/consul/backup/backup.robot' on line 83: The '[Return]' setting is deprecated. Use the 'RETURN' statement instead.</msg>
<msg time="2025-12-10T10:30:43.106703" level="WARN">Error in file '/opt/robot/tests/consul/backup/backup_s3.robot' on line 50: The '[Return]' setting is deprecated. Use the 'RETURN' statement instead.</msg>
<msg time="2025-12-10T10:30:43.107095" level="WARN">Error in file '/opt/robot/tests/consul/backup/backup_s3.robot' on line 85: The '[Return]' setting is deprecated. Use the 'RETURN' statement instead.</msg>
<msg time="2025-12-10T10:30:43.172541" level="WARN">Error in file '/opt/robot/tests/consul/ha/consul_ha.robot' on line 27: The '[Return]' setting is deprecated. Use the 'RETURN' statement instead.</msg>
<msg time="2025-12-10T10:30:43.172716" level="WARN">Error in file '/opt/robot/tests/consul/ha/consul_ha.robot' on line 32: The '[Return]' setting is deprecated. Use the 'RETURN' statement instead.</msg>
<msg time="2025-12-10T10:30:43.172999" level="WARN">Error in file '/opt/robot/tests/consul/ha/consul_ha.robot' on line 54: The '[Return]' setting is deprecated. Use the 'RETURN' statement instead.</msg>
</errors>
</robot>
